2018-03-24 01:27:47,989  Wisdom.Client.Supplier.Filter.ExceptionFilter : System.Net.WebException: 远程服务器返回错误: (405) 不允许的方法。
   在 System.Net.HttpWebRequest.GetResponse()
   在 WisdomScenic.Project.Infrastructure.WebApiHelper.Get[T](String url, String query, String queryStr, Int32 staffId, Boolean sign) 位置 E:\Project\Wisdom.Trip\Web.Service\WisdomScenic.Project.Infrastructure\Net\WebApiHelper.cs:行号 153
   在 Wisdom.Client.Supplier.Areas.Product.Controllers.SpecialtyController.Detail(String productId) 位置 E:\Project\Wisdom.Trip\Web.Client\Wisdom.Client\Wisdom.Client.Supplier\Areas\Product\Controllers\SpecialtyController.cs:行号 186
   在 lambda_method(Closure , ControllerBase , Object[] )
   在 System.Web.Mvc.ReflectedActionDescriptor.Execute(ControllerContext controllerContext, IDictionary`2 parameters)
   在 System.Web.Mvc.ControllerActionInvoker.InvokeActionMethod(ControllerContext controllerContext, ActionDescriptor actionDescriptor, IDictionary`2 parameters)
   在 System.Web.Mvc.Async.AsyncControllerActionInvoker.<BeginInvokeSynchronousActionMethod>b__39(IAsyncResult asyncResult, ActionInvocation innerInvokeState)
   在 System.Web.Mvc.Async.AsyncResultWrapper.WrappedAsyncResult`2.CallEndDelegate(IAsyncResult asyncResult)
   在 System.Web.Mvc.Async.AsyncControllerActionInvoker.EndInvokeActionMethod(IAsyncResult asyncResult)
   在 System.Web.Mvc.Async.AsyncControllerActionInvoker.AsyncInvocationWithFilters.<InvokeActionMethodFilterAsynchronouslyRecursive>b__3d()
   在 System.Web.Mvc.Async.AsyncControllerActionInvoker.AsyncInvocationWithFilters.<>c__DisplayClass46.<InvokeActionMethodFilterAsynchronouslyRecursive>b__3f()
   在 System.Web.Mvc.Async.AsyncControllerActionInvoker.AsyncInvocationWithFilters.<>c__DisplayClass46.<InvokeActionMethodFilterAsynchronouslyRecursive>b__3f()
   在 System.Web.Mvc.Async.AsyncControllerActionInvoker.EndInvokeActionMethodWithFilters(IAsyncResult asyncResult)
   在 System.Web.Mvc.Async.AsyncControllerActionInvoker.<>c__DisplayClass21.<>c__DisplayClass2b.<BeginInvokeAction>b__1c()
   在 System.Web.Mvc.Async.AsyncControllerActionInvoker.<>c__DisplayClass21.<BeginInvokeAction>b__1e(IAsyncResult asyncResult)
2018-03-24 01:28:03,497  Wisdom.Client.Supplier.Filter.ExceptionFilter : System.Net.WebException: 远程服务器返回错误: (405) 不允许的方法。
   在 System.Net.HttpWebRequest.GetResponse()
   在 WisdomScenic.Project.Infrastructure.WebApiHelper.Get[T](String url, String query, String queryStr, Int32 staffId, Boolean sign) 位置 E:\Project\Wisdom.Trip\Web.Service\WisdomScenic.Project.Infrastructure\Net\WebApiHelper.cs:行号 153
   在 Wisdom.Client.Supplier.Areas.Product.Controllers.SpecialtyController.Detail(String productId) 位置 E:\Project\Wisdom.Trip\Web.Client\Wisdom.Client\Wisdom.Client.Supplier\Areas\Product\Controllers\SpecialtyController.cs:行号 186
   在 lambda_method(Closure , ControllerBase , Object[] )
   在 System.Web.Mvc.ReflectedActionDescriptor.Execute(ControllerContext controllerContext, IDictionary`2 parameters)
   在 System.Web.Mvc.ControllerActionInvoker.InvokeActionMethod(ControllerContext controllerContext, ActionDescriptor actionDescriptor, IDictionary`2 parameters)
   在 System.Web.Mvc.Async.AsyncControllerActionInvoker.<BeginInvokeSynchronousActionMethod>b__39(IAsyncResult asyncResult, ActionInvocation innerInvokeState)
   在 System.Web.Mvc.Async.AsyncResultWrapper.WrappedAsyncResult`2.CallEndDelegate(IAsyncResult asyncResult)
   在 System.Web.Mvc.Async.AsyncControllerActionInvoker.EndInvokeActionMethod(IAsyncResult asyncResult)
   在 System.Web.Mvc.Async.AsyncControllerActionInvoker.AsyncInvocationWithFilters.<InvokeActionMethodFilterAsynchronouslyRecursive>b__3d()
   在 System.Web.Mvc.Async.AsyncControllerActionInvoker.AsyncInvocationWithFilters.<>c__DisplayClass46.<InvokeActionMethodFilterAsynchronouslyRecursive>b__3f()
   在 System.Web.Mvc.Async.AsyncControllerActionInvoker.AsyncInvocationWithFilters.<>c__DisplayClass46.<InvokeActionMethodFilterAsynchronouslyRecursive>b__3f()
   在 System.Web.Mvc.Async.AsyncControllerActionInvoker.EndInvokeActionMethodWithFilters(IAsyncResult asyncResult)
   在 System.Web.Mvc.Async.AsyncControllerActionInvoker.<>c__DisplayClass21.<>c__DisplayClass2b.<BeginInvokeAction>b__1c()
   在 System.Web.Mvc.Async.AsyncControllerActionInvoker.<>c__DisplayClass21.<BeginInvokeAction>b__1e(IAsyncResult asyncResult)
2018-03-24 01:29:18,597  Wisdom.Client.Supplier.Filter.ExceptionFilter : System.NullReferenceException: 未将对象引用设置到对象的实例。
   在 ASP._Page_Areas_Product_Views_Specialty_Detail_cshtml.Execute() 位置 E:\Project\Wisdom.Trip\Web.Client\Wisdom.Client\Wisdom.Client.Supplier\Areas\Product\Views\Specialty\Detail.cshtml:行号 79
   在 System.Web.WebPages.WebPageBase.ExecutePageHierarchy()
   在 System.Web.Mvc.WebViewPage.ExecutePageHierarchy()
   在 System.Web.WebPages.StartPage.ExecutePageHierarchy()
   在 System.Web.WebPages.WebPageBase.ExecutePageHierarchy(WebPageContext pageContext, TextWriter writer, WebPageRenderingBase startPage)
   在 System.Web.Mvc.ViewResultBase.ExecuteResult(ControllerContext context)
   在 System.Web.Mvc.ControllerActionInvoker.InvokeActionResultFilterRecursive(IList`1 filters, Int32 filterIndex, ResultExecutingContext preContext, ControllerContext controllerContext, ActionResult actionResult)
   在 System.Web.Mvc.ControllerActionInvoker.InvokeActionResultFilterRecursive(IList`1 filters, Int32 filterIndex, ResultExecutingContext preContext, ControllerContext controllerContext, ActionResult actionResult)
   在 System.Web.Mvc.ControllerActionInvoker.InvokeActionResultWithFilters(ControllerContext controllerContext, IList`1 filters, ActionResult actionResult)
   在 System.Web.Mvc.Async.AsyncControllerActionInvoker.<>c__DisplayClass21.<BeginInvokeAction>b__1e(IAsyncResult asyncResult)
2018-03-24 01:29:23,509  Wisdom.Client.Supplier.Filter.ExceptionFilter : System.NullReferenceException: 未将对象引用设置到对象的实例。
   在 ASP._Page_Areas_Product_Views_Specialty_Detail_cshtml.Execute() 位置 E:\Project\Wisdom.Trip\Web.Client\Wisdom.Client\Wisdom.Client.Supplier\Areas\Product\Views\Specialty\Detail.cshtml:行号 79
   在 System.Web.WebPages.WebPageBase.ExecutePageHierarchy()
   在 System.Web.Mvc.WebViewPage.ExecutePageHierarchy()
   在 System.Web.WebPages.StartPage.ExecutePageHierarchy()
   在 System.Web.WebPages.WebPageBase.ExecutePageHierarchy(WebPageContext pageContext, TextWriter writer, WebPageRenderingBase startPage)
   在 System.Web.Mvc.ViewResultBase.ExecuteResult(ControllerContext context)
   在 System.Web.Mvc.ControllerActionInvoker.InvokeActionResultFilterRecursive(IList`1 filters, Int32 filterIndex, ResultExecutingContext preContext, ControllerContext controllerContext, ActionResult actionResult)
   在 System.Web.Mvc.ControllerActionInvoker.InvokeActionResultFilterRecursive(IList`1 filters, Int32 filterIndex, ResultExecutingContext preContext, ControllerContext controllerContext, ActionResult actionResult)
   在 System.Web.Mvc.ControllerActionInvoker.InvokeActionResultWithFilters(ControllerContext controllerContext, IList`1 filters, ActionResult actionResult)
   在 System.Web.Mvc.Async.AsyncControllerActionInvoker.<>c__DisplayClass21.<BeginInvokeAction>b__1e(IAsyncResult asyncResult)
2018-03-24 01:29:31,419  Wisdom.Client.Supplier.Filter.ExceptionFilter : System.NullReferenceException: 未将对象引用设置到对象的实例。
   在 ASP._Page_Areas_Product_Views_Specialty_Detail_cshtml.Execute() 位置 E:\Project\Wisdom.Trip\Web.Client\Wisdom.Client\Wisdom.Client.Supplier\Areas\Product\Views\Specialty\Detail.cshtml:行号 79
   在 System.Web.WebPages.WebPageBase.ExecutePageHierarchy()
   在 System.Web.Mvc.WebViewPage.ExecutePageHierarchy()
   在 System.Web.WebPages.StartPage.ExecutePageHierarchy()
   在 System.Web.WebPages.WebPageBase.ExecutePageHierarchy(WebPageContext pageContext, TextWriter writer, WebPageRenderingBase startPage)
   在 System.Web.Mvc.ViewResultBase.ExecuteResult(ControllerContext context)
   在 System.Web.Mvc.ControllerActionInvoker.InvokeActionResultFilterRecursive(IList`1 filters, Int32 filterIndex, ResultExecutingContext preContext, ControllerContext controllerContext, ActionResult actionResult)
   在 System.Web.Mvc.ControllerActionInvoker.InvokeActionResultFilterRecursive(IList`1 filters, Int32 filterIndex, ResultExecutingContext preContext, ControllerContext controllerContext, ActionResult actionResult)
   在 System.Web.Mvc.ControllerActionInvoker.InvokeActionResultWithFilters(ControllerContext controllerContext, IList`1 filters, ActionResult actionResult)
   在 System.Web.Mvc.Async.AsyncControllerActionInvoker.<>c__DisplayClass21.<BeginInvokeAction>b__1e(IAsyncResult asyncResult)
2018-03-24 01:30:29,845  Wisdom.Client.Supplier.Filter.ExceptionFilter : System.NullReferenceException: 未将对象引用设置到对象的实例。
   在 ASP._Page_Areas_Product_Views_Specialty_Detail_cshtml.Execute() 位置 E:\Project\Wisdom.Trip\Web.Client\Wisdom.Client\Wisdom.Client.Supplier\Areas\Product\Views\Specialty\Detail.cshtml:行号 79
   在 System.Web.WebPages.WebPageBase.ExecutePageHierarchy()
   在 System.Web.Mvc.WebViewPage.ExecutePageHierarchy()
   在 System.Web.WebPages.StartPage.ExecutePageHierarchy()
   在 System.Web.WebPages.WebPageBase.ExecutePageHierarchy(WebPageContext pageContext, TextWriter writer, WebPageRenderingBase startPage)
   在 System.Web.Mvc.ViewResultBase.ExecuteResult(ControllerContext context)
   在 System.Web.Mvc.ControllerActionInvoker.InvokeActionResultFilterRecursive(IList`1 filters, Int32 filterIndex, ResultExecutingContext preContext, ControllerContext controllerContext, ActionResult actionResult)
   在 System.Web.Mvc.ControllerActionInvoker.InvokeActionResultFilterRecursive(IList`1 filters, Int32 filterIndex, ResultExecutingContext preContext, ControllerContext controllerContext, ActionResult actionResult)
   在 System.Web.Mvc.ControllerActionInvoker.InvokeActionResultWithFilters(ControllerContext controllerContext, IList`1 filters, ActionResult actionResult)
   在 System.Web.Mvc.Async.AsyncControllerActionInvoker.<>c__DisplayClass21.<BeginInvokeAction>b__1e(IAsyncResult asyncResult)
2018-03-24 01:31:29,887  Wisdom.Client.Supplier.Filter.ExceptionFilter : System.NullReferenceException: 未将对象引用设置到对象的实例。
   在 ASP._Page_Areas_Product_Views_Specialty_Detail_cshtml.Execute() 位置 E:\Project\Wisdom.Trip\Web.Client\Wisdom.Client\Wisdom.Client.Supplier\Areas\Product\Views\Specialty\Detail.cshtml:行号 79
   在 System.Web.WebPages.WebPageBase.ExecutePageHierarchy()
   在 System.Web.Mvc.WebViewPage.ExecutePageHierarchy()
   在 System.Web.WebPages.StartPage.ExecutePageHierarchy()
   在 System.Web.WebPages.WebPageBase.ExecutePageHierarchy(WebPageContext pageContext, TextWriter writer, WebPageRenderingBase startPage)
   在 System.Web.Mvc.ViewResultBase.ExecuteResult(ControllerContext context)
   在 System.Web.Mvc.ControllerActionInvoker.InvokeActionResultFilterRecursive(IList`1 filters, Int32 filterIndex, ResultExecutingContext preContext, ControllerContext controllerContext, ActionResult actionResult)
   在 System.Web.Mvc.ControllerActionInvoker.InvokeActionResultFilterRecursive(IList`1 filters, Int32 filterIndex, ResultExecutingContext preContext, ControllerContext controllerContext, ActionResult actionResult)
   在 System.Web.Mvc.ControllerActionInvoker.InvokeActionResultWithFilters(ControllerContext controllerContext, IList`1 filters, ActionResult actionResult)
   在 System.Web.Mvc.Async.AsyncControllerActionInvoker.<>c__DisplayClass21.<BeginInvokeAction>b__1e(IAsyncResult asyncResult)
2018-03-24 01:31:32,085  Wisdom.Client.Supplier.Filter.ExceptionFilter : System.NullReferenceException: 未将对象引用设置到对象的实例。
   在 ASP._Page_Areas_Product_Views_Specialty_Detail_cshtml.Execute() 位置 E:\Project\Wisdom.Trip\Web.Client\Wisdom.Client\Wisdom.Client.Supplier\Areas\Product\Views\Specialty\Detail.cshtml:行号 79
   在 System.Web.WebPages.WebPageBase.ExecutePageHierarchy()
   在 System.Web.Mvc.WebViewPage.ExecutePageHierarchy()
   在 System.Web.WebPages.StartPage.ExecutePageHierarchy()
   在 System.Web.WebPages.WebPageBase.ExecutePageHierarchy(WebPageContext pageContext, TextWriter writer, WebPageRenderingBase startPage)
   在 System.Web.Mvc.ViewResultBase.ExecuteResult(ControllerContext context)
   在 System.Web.Mvc.ControllerActionInvoker.InvokeActionResultFilterRecursive(IList`1 filters, Int32 filterIndex, ResultExecutingContext preContext, ControllerContext controllerContext, ActionResult actionResult)
   在 System.Web.Mvc.ControllerActionInvoker.InvokeActionResultFilterRecursive(IList`1 filters, Int32 filterIndex, ResultExecutingContext preContext, ControllerContext controllerContext, ActionResult actionResult)
   在 System.Web.Mvc.ControllerActionInvoker.InvokeActionResultWithFilters(ControllerContext controllerContext, IList`1 filters, ActionResult actionResult)
   在 System.Web.Mvc.Async.AsyncControllerActionInvoker.<>c__DisplayClass21.<BeginInvokeAction>b__1e(IAsyncResult asyncResult)
2018-03-24 01:33:16,497  Wisdom.Client.Supplier.Filter.ExceptionFilter : System.Web.HttpParseException (0x80004005): “@”字符后不应有“foreach”关键字。在代码内部，不需要在像“foreach”这样的构造前加上前缀“@”。

   在 System.Web.WebPages.Razor.RazorBuildProvider.EnsureGeneratedCode()
   在 System.Web.WebPages.Razor.RazorBuildProvider.get_CodeCompilerType()
   在 System.Web.Compilation.BuildProvider.GetCompilerTypeFromBuildProvider(BuildProvider buildProvider)
   在 System.Web.Compilation.BuildProvidersCompiler.ProcessBuildProviders()
   在 System.Web.Compilation.BuildProvidersCompiler.PerformBuild()
   在 System.Web.Compilation.BuildManager.CompileWebFile(VirtualPath virtualPath)
   在 System.Web.Compilation.BuildManager.GetVPathBuildResultInternal(VirtualPath virtualPath, Boolean noBuild, Boolean allowCrossApp, Boolean allowBuildInPrecompile, Boolean throwIfNotFound, Boolean ensureIsUpToDate)
   在 System.Web.Compilation.BuildManager.GetVPathBuildResultWithNoAssert(HttpContext context, VirtualPath virtualPath, Boolean noBuild, Boolean allowCrossApp, Boolean allowBuildInPrecompile, Boolean throwIfNotFound, Boolean ensureIsUpToDate)
   在 System.Web.Compilation.BuildManager.GetVirtualPathObjectFactory(VirtualPath virtualPath, HttpContext context, Boolean allowCrossApp, Boolean throwIfNotFound)
   在 System.Web.Compilation.BuildManager.GetCompiledType(VirtualPath virtualPath)
   在 System.Web.Mvc.BuildManagerCompiledView.Render(ViewContext viewContext, TextWriter writer)
   在 System.Web.Mvc.ViewResultBase.ExecuteResult(ControllerContext context)
   在 System.Web.Mvc.ControllerActionInvoker.InvokeActionResultFilterRecursive(IList`1 filters, Int32 filterIndex, ResultExecutingContext preContext, ControllerContext controllerContext, ActionResult actionResult)
   在 System.Web.Mvc.ControllerActionInvoker.InvokeActionResultFilterRecursive(IList`1 filters, Int32 filterIndex, ResultExecutingContext preContext, ControllerContext controllerContext, ActionResult actionResult)
   在 System.Web.Mvc.ControllerActionInvoker.InvokeActionResultWithFilters(ControllerContext controllerContext, IList`1 filters, ActionResult actionResult)
   在 System.Web.Mvc.Async.AsyncControllerActionInvoker.<>c__DisplayClass21.<BeginInvokeAction>b__1e(IAsyncResult asyncResult)
2018-03-24 01:33:56,490  Wisdom.Client.Supplier.Filter.ExceptionFilter : System.ArgumentNullException: 值不能为 null。
参数名: source
   在 System.Linq.Enumerable.Any[TSource](IEnumerable`1 source)
   在 ASP._Page_Areas_Product_Views_Specialty_Detail_cshtml.Execute() 位置 E:\Project\Wisdom.Trip\Web.Client\Wisdom.Client\Wisdom.Client.Supplier\Areas\Product\Views\Specialty\Detail.cshtml:行号 79
   在 System.Web.WebPages.WebPageBase.ExecutePageHierarchy()
   在 System.Web.Mvc.WebViewPage.ExecutePageHierarchy()
   在 System.Web.WebPages.StartPage.ExecutePageHierarchy()
   在 System.Web.WebPages.WebPageBase.ExecutePageHierarchy(WebPageContext pageContext, TextWriter writer, WebPageRenderingBase startPage)
   在 System.Web.Mvc.ViewResultBase.ExecuteResult(ControllerContext context)
   在 System.Web.Mvc.ControllerActionInvoker.InvokeActionResultFilterRecursive(IList`1 filters, Int32 filterIndex, ResultExecutingContext preContext, ControllerContext controllerContext, ActionResult actionResult)
   在 System.Web.Mvc.ControllerActionInvoker.InvokeActionResultFilterRecursive(IList`1 filters, Int32 filterIndex, ResultExecutingContext preContext, ControllerContext controllerContext, ActionResult actionResult)
   在 System.Web.Mvc.ControllerActionInvoker.InvokeActionResultWithFilters(ControllerContext controllerContext, IList`1 filters, ActionResult actionResult)
   在 System.Web.Mvc.Async.AsyncControllerActionInvoker.<>c__DisplayClass21.<BeginInvokeAction>b__1e(IAsyncResult asyncResult)
2018-03-24 01:34:37,855  Wisdom.Client.Supplier.Filter.ExceptionFilter : System.Web.HttpParseException (0x80004005): “@”字符后不应有“foreach”关键字。在代码内部，不需要在像“foreach”这样的构造前加上前缀“@”。

   在 System.Web.WebPages.Razor.RazorBuildProvider.EnsureGeneratedCode()
   在 System.Web.WebPages.Razor.RazorBuildProvider.get_CodeCompilerType()
   在 System.Web.Compilation.BuildProvider.GetCompilerTypeFromBuildProvider(BuildProvider buildProvider)
   在 System.Web.Compilation.BuildProvidersCompiler.ProcessBuildProviders()
   在 System.Web.Compilation.BuildProvidersCompiler.PerformBuild()
   在 System.Web.Compilation.BuildManager.CompileWebFile(VirtualPath virtualPath)
   在 System.Web.Compilation.BuildManager.GetVPathBuildResultInternal(VirtualPath virtualPath, Boolean noBuild, Boolean allowCrossApp, Boolean allowBuildInPrecompile, Boolean throwIfNotFound, Boolean ensureIsUpToDate)
   在 System.Web.Compilation.BuildManager.GetVPathBuildResultWithNoAssert(HttpContext context, VirtualPath virtualPath, Boolean noBuild, Boolean allowCrossApp, Boolean allowBuildInPrecompile, Boolean throwIfNotFound, Boolean ensureIsUpToDate)
   在 System.Web.Compilation.BuildManager.GetVirtualPathObjectFactory(VirtualPath virtualPath, HttpContext context, Boolean allowCrossApp, Boolean throwIfNotFound)
   在 System.Web.Compilation.BuildManager.GetCompiledType(VirtualPath virtualPath)
   在 System.Web.Mvc.BuildManagerCompiledView.Render(ViewContext viewContext, TextWriter writer)
   在 System.Web.Mvc.ViewResultBase.ExecuteResult(ControllerContext context)
   在 System.Web.Mvc.ControllerActionInvoker.InvokeActionResultFilterRecursive(IList`1 filters, Int32 filterIndex, ResultExecutingContext preContext, ControllerContext controllerContext, ActionResult actionResult)
   在 System.Web.Mvc.ControllerActionInvoker.InvokeActionResultFilterRecursive(IList`1 filters, Int32 filterIndex, ResultExecutingContext preContext, ControllerContext controllerContext, ActionResult actionResult)
   在 System.Web.Mvc.ControllerActionInvoker.InvokeActionResultWithFilters(ControllerContext controllerContext, IList`1 filters, ActionResult actionResult)
   在 System.Web.Mvc.Async.AsyncControllerActionInvoker.<>c__DisplayClass21.<BeginInvokeAction>b__1e(IAsyncResult asyncResult)
2018-03-24 01:35:24,652  Wisdom.Client.Supplier.Filter.ExceptionFilter : System.ArgumentNullException: 值不能为 null。
参数名: source
   在 System.Linq.Enumerable.Any[TSource](IEnumerable`1 source)
   在 ASP._Page_Areas_Product_Views_Specialty_Detail_cshtml.Execute() 位置 E:\Project\Wisdom.Trip\Web.Client\Wisdom.Client\Wisdom.Client.Supplier\Areas\Product\Views\Specialty\Detail.cshtml:行号 65
   在 System.Web.WebPages.WebPageBase.ExecutePageHierarchy()
   在 System.Web.Mvc.WebViewPage.ExecutePageHierarchy()
   在 System.Web.WebPages.StartPage.ExecutePageHierarchy()
   在 System.Web.WebPages.WebPageBase.ExecutePageHierarchy(WebPageContext pageContext, TextWriter writer, WebPageRenderingBase startPage)
   在 System.Web.Mvc.ViewResultBase.ExecuteResult(ControllerContext context)
   在 System.Web.Mvc.ControllerActionInvoker.InvokeActionResultFilterRecursive(IList`1 filters, Int32 filterIndex, ResultExecutingContext preContext, ControllerContext controllerContext, ActionResult actionResult)
   在 System.Web.Mvc.ControllerActionInvoker.InvokeActionResultFilterRecursive(IList`1 filters, Int32 filterIndex, ResultExecutingContext preContext, ControllerContext controllerContext, ActionResult actionResult)
   在 System.Web.Mvc.ControllerActionInvoker.InvokeActionResultWithFilters(ControllerContext controllerContext, IList`1 filters, ActionResult actionResult)
   在 System.Web.Mvc.Async.AsyncControllerActionInvoker.<>c__DisplayClass21.<BeginInvokeAction>b__1e(IAsyncResult asyncResult)
2018-03-24 01:38:12,652  Wisdom.Client.Supplier.Filter.ExceptionFilter : System.ArgumentNullException: 值不能为 null。
参数名: source
   在 System.Linq.Enumerable.Any[TSource](IEnumerable`1 source)
   在 ASP._Page_Areas_Product_Views_Specialty_Detail_cshtml.Execute() 位置 E:\Project\Wisdom.Trip\Web.Client\Wisdom.Client\Wisdom.Client.Supplier\Areas\Product\Views\Specialty\Detail.cshtml:行号 65
   在 System.Web.WebPages.WebPageBase.ExecutePageHierarchy()
   在 System.Web.Mvc.WebViewPage.ExecutePageHierarchy()
   在 System.Web.WebPages.StartPage.ExecutePageHierarchy()
   在 System.Web.WebPages.WebPageBase.ExecutePageHierarchy(WebPageContext pageContext, TextWriter writer, WebPageRenderingBase startPage)
   在 System.Web.Mvc.ViewResultBase.ExecuteResult(ControllerContext context)
   在 System.Web.Mvc.ControllerActionInvoker.InvokeActionResultFilterRecursive(IList`1 filters, Int32 filterIndex, ResultExecutingContext preContext, ControllerContext controllerContext, ActionResult actionResult)
   在 System.Web.Mvc.ControllerActionInvoker.InvokeActionResultFilterRecursive(IList`1 filters, Int32 filterIndex, ResultExecutingContext preContext, ControllerContext controllerContext, ActionResult actionResult)
   在 System.Web.Mvc.ControllerActionInvoker.InvokeActionResultWithFilters(ControllerContext controllerContext, IList`1 filters, ActionResult actionResult)
   在 System.Web.Mvc.Async.AsyncControllerActionInvoker.<>c__DisplayClass21.<BeginInvokeAction>b__1e(IAsyncResult asyncResult)
2018-03-24 01:38:12,693  Wisdom.Client.Supplier.Filter.ExceptionFilter : System.ArgumentNullException: 值不能为 null。
参数名: source
   在 System.Linq.Enumerable.Any[TSource](IEnumerable`1 source)
   在 ASP._Page_Areas_Product_Views_Specialty_Detail_cshtml.Execute() 位置 E:\Project\Wisdom.Trip\Web.Client\Wisdom.Client\Wisdom.Client.Supplier\Areas\Product\Views\Specialty\Detail.cshtml:行号 65
   在 System.Web.WebPages.WebPageBase.ExecutePageHierarchy()
   在 System.Web.Mvc.WebViewPage.ExecutePageHierarchy()
   在 System.Web.WebPages.StartPage.ExecutePageHierarchy()
   在 System.Web.WebPages.WebPageBase.ExecutePageHierarchy(WebPageContext pageContext, TextWriter writer, WebPageRenderingBase startPage)
   在 System.Web.Mvc.ViewResultBase.ExecuteResult(ControllerContext context)
   在 System.Web.Mvc.ControllerActionInvoker.InvokeActionResultFilterRecursive(IList`1 filters, Int32 filterIndex, ResultExecutingContext preContext, ControllerContext controllerContext, ActionResult actionResult)
   在 System.Web.Mvc.ControllerActionInvoker.InvokeActionResultFilterRecursive(IList`1 filters, Int32 filterIndex, ResultExecutingContext preContext, ControllerContext controllerContext, ActionResult actionResult)
   在 System.Web.Mvc.ControllerActionInvoker.InvokeActionResultWithFilters(ControllerContext controllerContext, IList`1 filters, ActionResult actionResult)
   在 System.Web.Mvc.Async.AsyncControllerActionInvoker.<>c__DisplayClass21.<BeginInvokeAction>b__1e(IAsyncResult asyncResult)
