2018-11-02 15:50:58,765  Wisdom.Client.Admin.Filter.AjaxExceptionFilter : System.Net.WebException: 远程服务器返回错误: (500) 内部服务器错误。
   在 System.Net.HttpWebRequest.GetResponse()
   在 WisdomScenic.Project.Infrastructure.WebApiHelper.Get[T](String url, String query, String queryStr, Int32 staffId, Boolean sign) 位置 E:\Project\Wisdom.Trip\Web.Service\WisdomScenic.Project.Infrastructure\Net\WebApiHelper.cs:行号 154
   在 WisdomScenic.Project.Infrastructure.WebApiHelper.GetApiToken(Int32 staffId) 位置 E:\Project\Wisdom.Trip\Web.Service\WisdomScenic.Project.Infrastructure\Net\WebApiHelper.cs:行号 235
   在 WisdomScenic.Project.Infrastructure.WebApiHelper.GetSignToken(Int32 staffId) 位置 E:\Project\Wisdom.Trip\Web.Service\WisdomScenic.Project.Infrastructure\Net\WebApiHelper.cs:行号 218
   在 WisdomScenic.Project.Infrastructure.WebApiHelper.GetSignature(String timeStamp, String nonce, Int32 staffId) 位置 E:\Project\Wisdom.Trip\Web.Service\WisdomScenic.Project.Infrastructure\Net\WebApiHelper.cs:行号 349
   在 WisdomScenic.Project.Infrastructure.WebApiHelper.Post[T](String url, String data, Int32 staffId) 位置 E:\Project\Wisdom.Trip\Web.Service\WisdomScenic.Project.Infrastructure\Net\WebApiHelper.cs:行号 81
   在 Wisdom.Client.Admin.Controllers.LoginController.LoginOp(String account, String pwd) 位置 E:\Project\Wisdom.Trip\Web.Client\Wisdom.Client\Wisdom.Client.Admin\Controllers\LoginController.cs:行号 47
   在 lambda_method(Closure , ControllerBase , Object[] )
   在 System.Web.Mvc.ReflectedActionDescriptor.Execute(ControllerContext controllerContext, IDictionary`2 parameters)
   在 System.Web.Mvc.ControllerActionInvoker.InvokeActionMethod(ControllerContext controllerContext, ActionDescriptor actionDescriptor, IDictionary`2 parameters)
   在 System.Web.Mvc.Async.AsyncControllerActionInvoker.<BeginInvokeSynchronousActionMethod>b__39(IAsyncResult asyncResult, ActionInvocation innerInvokeState)
   在 System.Web.Mvc.Async.AsyncResultWrapper.WrappedAsyncResult`2.CallEndDelegate(IAsyncResult asyncResult)
   在 System.Web.Mvc.Async.AsyncControllerActionInvoker.EndInvokeActionMethod(IAsyncResult asyncResult)
   在 System.Web.Mvc.Async.AsyncControllerActionInvoker.AsyncInvocationWithFilters.<InvokeActionMethodFilterAsynchronouslyRecursive>b__3d()
   在 System.Web.Mvc.Async.AsyncControllerActionInvoker.AsyncInvocationWithFilters.<>c__DisplayClass46.<InvokeActionMethodFilterAsynchronouslyRecursive>b__3f()
   在 System.Web.Mvc.Async.AsyncControllerActionInvoker.EndInvokeActionMethodWithFilters(IAsyncResult asyncResult)
   在 System.Web.Mvc.Async.AsyncControllerActionInvoker.<>c__DisplayClass21.<>c__DisplayClass2b.<BeginInvokeAction>b__1c()
   在 System.Web.Mvc.Async.AsyncControllerActionInvoker.<>c__DisplayClass21.<BeginInvokeAction>b__1e(IAsyncResult asyncResult)
2018-11-02 15:51:01,400  Wisdom.Client.Admin.Filter.AjaxExceptionFilter : System.Net.WebException: 远程服务器返回错误: (500) 内部服务器错误。
   在 System.Net.HttpWebRequest.GetResponse()
   在 WisdomScenic.Project.Infrastructure.WebApiHelper.Get[T](String url, String query, String queryStr, Int32 staffId, Boolean sign) 位置 E:\Project\Wisdom.Trip\Web.Service\WisdomScenic.Project.Infrastructure\Net\WebApiHelper.cs:行号 154
   在 WisdomScenic.Project.Infrastructure.WebApiHelper.GetApiToken(Int32 staffId) 位置 E:\Project\Wisdom.Trip\Web.Service\WisdomScenic.Project.Infrastructure\Net\WebApiHelper.cs:行号 235
   在 WisdomScenic.Project.Infrastructure.WebApiHelper.GetSignToken(Int32 staffId) 位置 E:\Project\Wisdom.Trip\Web.Service\WisdomScenic.Project.Infrastructure\Net\WebApiHelper.cs:行号 218
   在 WisdomScenic.Project.Infrastructure.WebApiHelper.GetSignature(String timeStamp, String nonce, Int32 staffId) 位置 E:\Project\Wisdom.Trip\Web.Service\WisdomScenic.Project.Infrastructure\Net\WebApiHelper.cs:行号 349
   在 WisdomScenic.Project.Infrastructure.WebApiHelper.Post[T](String url, String data, Int32 staffId) 位置 E:\Project\Wisdom.Trip\Web.Service\WisdomScenic.Project.Infrastructure\Net\WebApiHelper.cs:行号 81
   在 Wisdom.Client.Admin.Controllers.LoginController.LoginOp(String account, String pwd) 位置 E:\Project\Wisdom.Trip\Web.Client\Wisdom.Client\Wisdom.Client.Admin\Controllers\LoginController.cs:行号 47
   在 lambda_method(Closure , ControllerBase , Object[] )
   在 System.Web.Mvc.ReflectedActionDescriptor.Execute(ControllerContext controllerContext, IDictionary`2 parameters)
   在 System.Web.Mvc.ControllerActionInvoker.InvokeActionMethod(ControllerContext controllerContext, ActionDescriptor actionDescriptor, IDictionary`2 parameters)
   在 System.Web.Mvc.Async.AsyncControllerActionInvoker.<BeginInvokeSynchronousActionMethod>b__39(IAsyncResult asyncResult, ActionInvocation innerInvokeState)
   在 System.Web.Mvc.Async.AsyncResultWrapper.WrappedAsyncResult`2.CallEndDelegate(IAsyncResult asyncResult)
   在 System.Web.Mvc.Async.AsyncControllerActionInvoker.EndInvokeActionMethod(IAsyncResult asyncResult)
   在 System.Web.Mvc.Async.AsyncControllerActionInvoker.AsyncInvocationWithFilters.<InvokeActionMethodFilterAsynchronouslyRecursive>b__3d()
   在 System.Web.Mvc.Async.AsyncControllerActionInvoker.AsyncInvocationWithFilters.<>c__DisplayClass46.<InvokeActionMethodFilterAsynchronouslyRecursive>b__3f()
   在 System.Web.Mvc.Async.AsyncControllerActionInvoker.EndInvokeActionMethodWithFilters(IAsyncResult asyncResult)
   在 System.Web.Mvc.Async.AsyncControllerActionInvoker.<>c__DisplayClass21.<>c__DisplayClass2b.<BeginInvokeAction>b__1c()
   在 System.Web.Mvc.Async.AsyncControllerActionInvoker.<>c__DisplayClass21.<BeginInvokeAction>b__1e(IAsyncResult asyncResult)
2018-11-02 15:57:55,730  Wisdom.Client.Admin.Filter.AjaxExceptionFilter : System.Net.WebException: 远程服务器返回错误: (500) 内部服务器错误。
   在 System.Net.HttpWebRequest.GetResponse()
   在 WisdomScenic.Project.Infrastructure.WebApiHelper.Get[T](String url, String query, String queryStr, Int32 staffId, Boolean sign) 位置 E:\Project\Wisdom.Trip\Web.Service\WisdomScenic.Project.Infrastructure\Net\WebApiHelper.cs:行号 154
   在 WisdomScenic.Project.Infrastructure.WebApiHelper.GetApiToken(Int32 staffId) 位置 E:\Project\Wisdom.Trip\Web.Service\WisdomScenic.Project.Infrastructure\Net\WebApiHelper.cs:行号 235
   在 WisdomScenic.Project.Infrastructure.WebApiHelper.GetSignToken(Int32 staffId) 位置 E:\Project\Wisdom.Trip\Web.Service\WisdomScenic.Project.Infrastructure\Net\WebApiHelper.cs:行号 218
   在 WisdomScenic.Project.Infrastructure.WebApiHelper.GetSignature(String timeStamp, String nonce, Int32 staffId) 位置 E:\Project\Wisdom.Trip\Web.Service\WisdomScenic.Project.Infrastructure\Net\WebApiHelper.cs:行号 349
   在 WisdomScenic.Project.Infrastructure.WebApiHelper.Post[T](String url, String data, Int32 staffId) 位置 E:\Project\Wisdom.Trip\Web.Service\WisdomScenic.Project.Infrastructure\Net\WebApiHelper.cs:行号 81
   在 Wisdom.Client.Admin.Controllers.LoginController.LoginOp(String account, String pwd) 位置 E:\Project\Wisdom.Trip\Web.Client\Wisdom.Client\Wisdom.Client.Admin\Controllers\LoginController.cs:行号 47
   在 lambda_method(Closure , ControllerBase , Object[] )
   在 System.Web.Mvc.ReflectedActionDescriptor.Execute(ControllerContext controllerContext, IDictionary`2 parameters)
   在 System.Web.Mvc.ControllerActionInvoker.InvokeActionMethod(ControllerContext controllerContext, ActionDescriptor actionDescriptor, IDictionary`2 parameters)
   在 System.Web.Mvc.Async.AsyncControllerActionInvoker.<BeginInvokeSynchronousActionMethod>b__39(IAsyncResult asyncResult, ActionInvocation innerInvokeState)
   在 System.Web.Mvc.Async.AsyncResultWrapper.WrappedAsyncResult`2.CallEndDelegate(IAsyncResult asyncResult)
   在 System.Web.Mvc.Async.AsyncControllerActionInvoker.EndInvokeActionMethod(IAsyncResult asyncResult)
   在 System.Web.Mvc.Async.AsyncControllerActionInvoker.AsyncInvocationWithFilters.<InvokeActionMethodFilterAsynchronouslyRecursive>b__3d()
   在 System.Web.Mvc.Async.AsyncControllerActionInvoker.AsyncInvocationWithFilters.<>c__DisplayClass46.<InvokeActionMethodFilterAsynchronouslyRecursive>b__3f()
   在 System.Web.Mvc.Async.AsyncControllerActionInvoker.EndInvokeActionMethodWithFilters(IAsyncResult asyncResult)
   在 System.Web.Mvc.Async.AsyncControllerActionInvoker.<>c__DisplayClass21.<>c__DisplayClass2b.<BeginInvokeAction>b__1c()
   在 System.Web.Mvc.Async.AsyncControllerActionInvoker.<>c__DisplayClass21.<BeginInvokeAction>b__1e(IAsyncResult asyncResult)
2018-11-02 15:57:55,744  Wisdom.Client.Admin.Filter.AjaxExceptionFilter : System.Net.WebException: 远程服务器返回错误: (500) 内部服务器错误。
   在 System.Net.HttpWebRequest.GetResponse()
   在 WisdomScenic.Project.Infrastructure.WebApiHelper.Get[T](String url, String query, String queryStr, Int32 staffId, Boolean sign) 位置 E:\Project\Wisdom.Trip\Web.Service\WisdomScenic.Project.Infrastructure\Net\WebApiHelper.cs:行号 154
   在 WisdomScenic.Project.Infrastructure.WebApiHelper.GetApiToken(Int32 staffId) 位置 E:\Project\Wisdom.Trip\Web.Service\WisdomScenic.Project.Infrastructure\Net\WebApiHelper.cs:行号 235
   在 WisdomScenic.Project.Infrastructure.WebApiHelper.GetSignToken(Int32 staffId) 位置 E:\Project\Wisdom.Trip\Web.Service\WisdomScenic.Project.Infrastructure\Net\WebApiHelper.cs:行号 218
   在 WisdomScenic.Project.Infrastructure.WebApiHelper.GetSignature(String timeStamp, String nonce, Int32 staffId) 位置 E:\Project\Wisdom.Trip\Web.Service\WisdomScenic.Project.Infrastructure\Net\WebApiHelper.cs:行号 349
   在 WisdomScenic.Project.Infrastructure.WebApiHelper.Post[T](String url, String data, Int32 staffId) 位置 E:\Project\Wisdom.Trip\Web.Service\WisdomScenic.Project.Infrastructure\Net\WebApiHelper.cs:行号 81
   在 Wisdom.Client.Admin.Controllers.LoginController.LoginOp(String account, String pwd) 位置 E:\Project\Wisdom.Trip\Web.Client\Wisdom.Client\Wisdom.Client.Admin\Controllers\LoginController.cs:行号 47
   在 lambda_method(Closure , ControllerBase , Object[] )
   在 System.Web.Mvc.ReflectedActionDescriptor.Execute(ControllerContext controllerContext, IDictionary`2 parameters)
   在 System.Web.Mvc.ControllerActionInvoker.InvokeActionMethod(ControllerContext controllerContext, ActionDescriptor actionDescriptor, IDictionary`2 parameters)
   在 System.Web.Mvc.Async.AsyncControllerActionInvoker.<BeginInvokeSynchronousActionMethod>b__39(IAsyncResult asyncResult, ActionInvocation innerInvokeState)
   在 System.Web.Mvc.Async.AsyncResultWrapper.WrappedAsyncResult`2.CallEndDelegate(IAsyncResult asyncResult)
   在 System.Web.Mvc.Async.AsyncControllerActionInvoker.EndInvokeActionMethod(IAsyncResult asyncResult)
   在 System.Web.Mvc.Async.AsyncControllerActionInvoker.AsyncInvocationWithFilters.<InvokeActionMethodFilterAsynchronouslyRecursive>b__3d()
   在 System.Web.Mvc.Async.AsyncControllerActionInvoker.AsyncInvocationWithFilters.<>c__DisplayClass46.<InvokeActionMethodFilterAsynchronouslyRecursive>b__3f()
   在 System.Web.Mvc.Async.AsyncControllerActionInvoker.EndInvokeActionMethodWithFilters(IAsyncResult asyncResult)
   在 System.Web.Mvc.Async.AsyncControllerActionInvoker.<>c__DisplayClass21.<>c__DisplayClass2b.<BeginInvokeAction>b__1c()
   在 System.Web.Mvc.Async.AsyncControllerActionInvoker.<>c__DisplayClass21.<BeginInvokeAction>b__1e(IAsyncResult asyncResult)
2018-11-02 15:57:55,755  Wisdom.Client.Admin.Filter.AjaxExceptionFilter : System.Net.WebException: 远程服务器返回错误: (500) 内部服务器错误。
   在 System.Net.HttpWebRequest.GetResponse()
   在 WisdomScenic.Project.Infrastructure.WebApiHelper.Get[T](String url, String query, String queryStr, Int32 staffId, Boolean sign) 位置 E:\Project\Wisdom.Trip\Web.Service\WisdomScenic.Project.Infrastructure\Net\WebApiHelper.cs:行号 154
   在 WisdomScenic.Project.Infrastructure.WebApiHelper.GetApiToken(Int32 staffId) 位置 E:\Project\Wisdom.Trip\Web.Service\WisdomScenic.Project.Infrastructure\Net\WebApiHelper.cs:行号 235
   在 WisdomScenic.Project.Infrastructure.WebApiHelper.GetSignToken(Int32 staffId) 位置 E:\Project\Wisdom.Trip\Web.Service\WisdomScenic.Project.Infrastructure\Net\WebApiHelper.cs:行号 218
   在 WisdomScenic.Project.Infrastructure.WebApiHelper.GetSignature(String timeStamp, String nonce, Int32 staffId) 位置 E:\Project\Wisdom.Trip\Web.Service\WisdomScenic.Project.Infrastructure\Net\WebApiHelper.cs:行号 349
   在 WisdomScenic.Project.Infrastructure.WebApiHelper.Post[T](String url, String data, Int32 staffId) 位置 E:\Project\Wisdom.Trip\Web.Service\WisdomScenic.Project.Infrastructure\Net\WebApiHelper.cs:行号 81
   在 Wisdom.Client.Admin.Controllers.LoginController.LoginOp(String account, String pwd) 位置 E:\Project\Wisdom.Trip\Web.Client\Wisdom.Client\Wisdom.Client.Admin\Controllers\LoginController.cs:行号 47
   在 lambda_method(Closure , ControllerBase , Object[] )
   在 System.Web.Mvc.ReflectedActionDescriptor.Execute(ControllerContext controllerContext, IDictionary`2 parameters)
   在 System.Web.Mvc.ControllerActionInvoker.InvokeActionMethod(ControllerContext controllerContext, ActionDescriptor actionDescriptor, IDictionary`2 parameters)
   在 System.Web.Mvc.Async.AsyncControllerActionInvoker.<BeginInvokeSynchronousActionMethod>b__39(IAsyncResult asyncResult, ActionInvocation innerInvokeState)
   在 System.Web.Mvc.Async.AsyncResultWrapper.WrappedAsyncResult`2.CallEndDelegate(IAsyncResult asyncResult)
   在 System.Web.Mvc.Async.AsyncControllerActionInvoker.EndInvokeActionMethod(IAsyncResult asyncResult)
   在 System.Web.Mvc.Async.AsyncControllerActionInvoker.AsyncInvocationWithFilters.<InvokeActionMethodFilterAsynchronouslyRecursive>b__3d()
   在 System.Web.Mvc.Async.AsyncControllerActionInvoker.AsyncInvocationWithFilters.<>c__DisplayClass46.<InvokeActionMethodFilterAsynchronouslyRecursive>b__3f()
   在 System.Web.Mvc.Async.AsyncControllerActionInvoker.EndInvokeActionMethodWithFilters(IAsyncResult asyncResult)
   在 System.Web.Mvc.Async.AsyncControllerActionInvoker.<>c__DisplayClass21.<>c__DisplayClass2b.<BeginInvokeAction>b__1c()
   在 System.Web.Mvc.Async.AsyncControllerActionInvoker.<>c__DisplayClass21.<BeginInvokeAction>b__1e(IAsyncResult asyncResult)
2018-11-02 15:57:55,766  Wisdom.Client.Admin.Filter.AjaxExceptionFilter : System.Net.WebException: 远程服务器返回错误: (500) 内部服务器错误。
   在 System.Net.HttpWebRequest.GetResponse()
   在 WisdomScenic.Project.Infrastructure.WebApiHelper.Get[T](String url, String query, String queryStr, Int32 staffId, Boolean sign) 位置 E:\Project\Wisdom.Trip\Web.Service\WisdomScenic.Project.Infrastructure\Net\WebApiHelper.cs:行号 154
   在 WisdomScenic.Project.Infrastructure.WebApiHelper.GetApiToken(Int32 staffId) 位置 E:\Project\Wisdom.Trip\Web.Service\WisdomScenic.Project.Infrastructure\Net\WebApiHelper.cs:行号 235
   在 WisdomScenic.Project.Infrastructure.WebApiHelper.GetSignToken(Int32 staffId) 位置 E:\Project\Wisdom.Trip\Web.Service\WisdomScenic.Project.Infrastructure\Net\WebApiHelper.cs:行号 218
   在 WisdomScenic.Project.Infrastructure.WebApiHelper.GetSignature(String timeStamp, String nonce, Int32 staffId) 位置 E:\Project\Wisdom.Trip\Web.Service\WisdomScenic.Project.Infrastructure\Net\WebApiHelper.cs:行号 349
   在 WisdomScenic.Project.Infrastructure.WebApiHelper.Post[T](String url, String data, Int32 staffId) 位置 E:\Project\Wisdom.Trip\Web.Service\WisdomScenic.Project.Infrastructure\Net\WebApiHelper.cs:行号 81
   在 Wisdom.Client.Admin.Controllers.LoginController.LoginOp(String account, String pwd) 位置 E:\Project\Wisdom.Trip\Web.Client\Wisdom.Client\Wisdom.Client.Admin\Controllers\LoginController.cs:行号 47
   在 lambda_method(Closure , ControllerBase , Object[] )
   在 System.Web.Mvc.ReflectedActionDescriptor.Execute(ControllerContext controllerContext, IDictionary`2 parameters)
   在 System.Web.Mvc.ControllerActionInvoker.InvokeActionMethod(ControllerContext controllerContext, ActionDescriptor actionDescriptor, IDictionary`2 parameters)
   在 System.Web.Mvc.Async.AsyncControllerActionInvoker.<BeginInvokeSynchronousActionMethod>b__39(IAsyncResult asyncResult, ActionInvocation innerInvokeState)
   在 System.Web.Mvc.Async.AsyncResultWrapper.WrappedAsyncResult`2.CallEndDelegate(IAsyncResult asyncResult)
   在 System.Web.Mvc.Async.AsyncControllerActionInvoker.EndInvokeActionMethod(IAsyncResult asyncResult)
   在 System.Web.Mvc.Async.AsyncControllerActionInvoker.AsyncInvocationWithFilters.<InvokeActionMethodFilterAsynchronouslyRecursive>b__3d()
   在 System.Web.Mvc.Async.AsyncControllerActionInvoker.AsyncInvocationWithFilters.<>c__DisplayClass46.<InvokeActionMethodFilterAsynchronouslyRecursive>b__3f()
   在 System.Web.Mvc.Async.AsyncControllerActionInvoker.EndInvokeActionMethodWithFilters(IAsyncResult asyncResult)
   在 System.Web.Mvc.Async.AsyncControllerActionInvoker.<>c__DisplayClass21.<>c__DisplayClass2b.<BeginInvokeAction>b__1c()
   在 System.Web.Mvc.Async.AsyncControllerActionInvoker.<>c__DisplayClass21.<BeginInvokeAction>b__1e(IAsyncResult asyncResult)
2018-11-02 15:57:55,778  Wisdom.Client.Admin.Filter.AjaxExceptionFilter : System.Net.WebException: 远程服务器返回错误: (500) 内部服务器错误。
   在 System.Net.HttpWebRequest.GetResponse()
   在 WisdomScenic.Project.Infrastructure.WebApiHelper.Get[T](String url, String query, String queryStr, Int32 staffId, Boolean sign) 位置 E:\Project\Wisdom.Trip\Web.Service\WisdomScenic.Project.Infrastructure\Net\WebApiHelper.cs:行号 154
   在 WisdomScenic.Project.Infrastructure.WebApiHelper.GetApiToken(Int32 staffId) 位置 E:\Project\Wisdom.Trip\Web.Service\WisdomScenic.Project.Infrastructure\Net\WebApiHelper.cs:行号 235
   在 WisdomScenic.Project.Infrastructure.WebApiHelper.GetSignToken(Int32 staffId) 位置 E:\Project\Wisdom.Trip\Web.Service\WisdomScenic.Project.Infrastructure\Net\WebApiHelper.cs:行号 218
   在 WisdomScenic.Project.Infrastructure.WebApiHelper.GetSignature(String timeStamp, String nonce, Int32 staffId) 位置 E:\Project\Wisdom.Trip\Web.Service\WisdomScenic.Project.Infrastructure\Net\WebApiHelper.cs:行号 349
   在 WisdomScenic.Project.Infrastructure.WebApiHelper.Post[T](String url, String data, Int32 staffId) 位置 E:\Project\Wisdom.Trip\Web.Service\WisdomScenic.Project.Infrastructure\Net\WebApiHelper.cs:行号 81
   在 Wisdom.Client.Admin.Controllers.LoginController.LoginOp(String account, String pwd) 位置 E:\Project\Wisdom.Trip\Web.Client\Wisdom.Client\Wisdom.Client.Admin\Controllers\LoginController.cs:行号 47
   在 lambda_method(Closure , ControllerBase , Object[] )
   在 System.Web.Mvc.ReflectedActionDescriptor.Execute(ControllerContext controllerContext, IDictionary`2 parameters)
   在 System.Web.Mvc.ControllerActionInvoker.InvokeActionMethod(ControllerContext controllerContext, ActionDescriptor actionDescriptor, IDictionary`2 parameters)
   在 System.Web.Mvc.Async.AsyncControllerActionInvoker.<BeginInvokeSynchronousActionMethod>b__39(IAsyncResult asyncResult, ActionInvocation innerInvokeState)
   在 System.Web.Mvc.Async.AsyncResultWrapper.WrappedAsyncResult`2.CallEndDelegate(IAsyncResult asyncResult)
   在 System.Web.Mvc.Async.AsyncControllerActionInvoker.EndInvokeActionMethod(IAsyncResult asyncResult)
   在 System.Web.Mvc.Async.AsyncControllerActionInvoker.AsyncInvocationWithFilters.<InvokeActionMethodFilterAsynchronouslyRecursive>b__3d()
   在 System.Web.Mvc.Async.AsyncControllerActionInvoker.AsyncInvocationWithFilters.<>c__DisplayClass46.<InvokeActionMethodFilterAsynchronouslyRecursive>b__3f()
   在 System.Web.Mvc.Async.AsyncControllerActionInvoker.EndInvokeActionMethodWithFilters(IAsyncResult asyncResult)
   在 System.Web.Mvc.Async.AsyncControllerActionInvoker.<>c__DisplayClass21.<>c__DisplayClass2b.<BeginInvokeAction>b__1c()
   在 System.Web.Mvc.Async.AsyncControllerActionInvoker.<>c__DisplayClass21.<BeginInvokeAction>b__1e(IAsyncResult asyncResult)
2018-11-02 16:03:33,407  Wisdom.Client.Admin.Filter.AjaxExceptionFilter : System.Net.WebException: 远程服务器返回错误: (500) 内部服务器错误。
   在 System.Net.HttpWebRequest.GetResponse()
   在 WisdomScenic.Project.Infrastructure.WebApiHelper.Get[T](String url, String query, String queryStr, Int32 staffId, Boolean sign) 位置 E:\Project\Wisdom.Trip\Web.Service\WisdomScenic.Project.Infrastructure\Net\WebApiHelper.cs:行号 154
   在 WisdomScenic.Project.Infrastructure.WebApiHelper.GetApiToken(Int32 staffId) 位置 E:\Project\Wisdom.Trip\Web.Service\WisdomScenic.Project.Infrastructure\Net\WebApiHelper.cs:行号 235
   在 WisdomScenic.Project.Infrastructure.WebApiHelper.GetSignToken(Int32 staffId) 位置 E:\Project\Wisdom.Trip\Web.Service\WisdomScenic.Project.Infrastructure\Net\WebApiHelper.cs:行号 218
   在 WisdomScenic.Project.Infrastructure.WebApiHelper.GetSignature(String timeStamp, String nonce, Int32 staffId) 位置 E:\Project\Wisdom.Trip\Web.Service\WisdomScenic.Project.Infrastructure\Net\WebApiHelper.cs:行号 349
   在 WisdomScenic.Project.Infrastructure.WebApiHelper.Post[T](String url, String data, Int32 staffId) 位置 E:\Project\Wisdom.Trip\Web.Service\WisdomScenic.Project.Infrastructure\Net\WebApiHelper.cs:行号 81
   在 Wisdom.Client.Admin.Controllers.LoginController.LoginOp(String account, String pwd) 位置 E:\Project\Wisdom.Trip\Web.Client\Wisdom.Client\Wisdom.Client.Admin\Controllers\LoginController.cs:行号 47
   在 lambda_method(Closure , ControllerBase , Object[] )
   在 System.Web.Mvc.ReflectedActionDescriptor.Execute(ControllerContext controllerContext, IDictionary`2 parameters)
   在 System.Web.Mvc.ControllerActionInvoker.InvokeActionMethod(ControllerContext controllerContext, ActionDescriptor actionDescriptor, IDictionary`2 parameters)
   在 System.Web.Mvc.Async.AsyncControllerActionInvoker.<BeginInvokeSynchronousActionMethod>b__39(IAsyncResult asyncResult, ActionInvocation innerInvokeState)
   在 System.Web.Mvc.Async.AsyncResultWrapper.WrappedAsyncResult`2.CallEndDelegate(IAsyncResult asyncResult)
   在 System.Web.Mvc.Async.AsyncControllerActionInvoker.EndInvokeActionMethod(IAsyncResult asyncResult)
   在 System.Web.Mvc.Async.AsyncControllerActionInvoker.AsyncInvocationWithFilters.<InvokeActionMethodFilterAsynchronouslyRecursive>b__3d()
   在 System.Web.Mvc.Async.AsyncControllerActionInvoker.AsyncInvocationWithFilters.<>c__DisplayClass46.<InvokeActionMethodFilterAsynchronouslyRecursive>b__3f()
   在 System.Web.Mvc.Async.AsyncControllerActionInvoker.EndInvokeActionMethodWithFilters(IAsyncResult asyncResult)
   在 System.Web.Mvc.Async.AsyncControllerActionInvoker.<>c__DisplayClass21.<>c__DisplayClass2b.<BeginInvokeAction>b__1c()
   在 System.Web.Mvc.Async.AsyncControllerActionInvoker.<>c__DisplayClass21.<BeginInvokeAction>b__1e(IAsyncResult asyncResult)
2018-11-02 16:03:33,422  Wisdom.Client.Admin.Filter.AjaxExceptionFilter : System.Net.WebException: 远程服务器返回错误: (500) 内部服务器错误。
   在 System.Net.HttpWebRequest.GetResponse()
   在 WisdomScenic.Project.Infrastructure.WebApiHelper.Get[T](String url, String query, String queryStr, Int32 staffId, Boolean sign) 位置 E:\Project\Wisdom.Trip\Web.Service\WisdomScenic.Project.Infrastructure\Net\WebApiHelper.cs:行号 154
   在 WisdomScenic.Project.Infrastructure.WebApiHelper.GetApiToken(Int32 staffId) 位置 E:\Project\Wisdom.Trip\Web.Service\WisdomScenic.Project.Infrastructure\Net\WebApiHelper.cs:行号 235
   在 WisdomScenic.Project.Infrastructure.WebApiHelper.GetSignToken(Int32 staffId) 位置 E:\Project\Wisdom.Trip\Web.Service\WisdomScenic.Project.Infrastructure\Net\WebApiHelper.cs:行号 218
   在 WisdomScenic.Project.Infrastructure.WebApiHelper.GetSignature(String timeStamp, String nonce, Int32 staffId) 位置 E:\Project\Wisdom.Trip\Web.Service\WisdomScenic.Project.Infrastructure\Net\WebApiHelper.cs:行号 349
   在 WisdomScenic.Project.Infrastructure.WebApiHelper.Post[T](String url, String data, Int32 staffId) 位置 E:\Project\Wisdom.Trip\Web.Service\WisdomScenic.Project.Infrastructure\Net\WebApiHelper.cs:行号 81
   在 Wisdom.Client.Admin.Controllers.LoginController.LoginOp(String account, String pwd) 位置 E:\Project\Wisdom.Trip\Web.Client\Wisdom.Client\Wisdom.Client.Admin\Controllers\LoginController.cs:行号 47
   在 lambda_method(Closure , ControllerBase , Object[] )
   在 System.Web.Mvc.ReflectedActionDescriptor.Execute(ControllerContext controllerContext, IDictionary`2 parameters)
   在 System.Web.Mvc.ControllerActionInvoker.InvokeActionMethod(ControllerContext controllerContext, ActionDescriptor actionDescriptor, IDictionary`2 parameters)
   在 System.Web.Mvc.Async.AsyncControllerActionInvoker.<BeginInvokeSynchronousActionMethod>b__39(IAsyncResult asyncResult, ActionInvocation innerInvokeState)
   在 System.Web.Mvc.Async.AsyncResultWrapper.WrappedAsyncResult`2.CallEndDelegate(IAsyncResult asyncResult)
   在 System.Web.Mvc.Async.AsyncControllerActionInvoker.EndInvokeActionMethod(IAsyncResult asyncResult)
   在 System.Web.Mvc.Async.AsyncControllerActionInvoker.AsyncInvocationWithFilters.<InvokeActionMethodFilterAsynchronouslyRecursive>b__3d()
   在 System.Web.Mvc.Async.AsyncControllerActionInvoker.AsyncInvocationWithFilters.<>c__DisplayClass46.<InvokeActionMethodFilterAsynchronouslyRecursive>b__3f()
   在 System.Web.Mvc.Async.AsyncControllerActionInvoker.EndInvokeActionMethodWithFilters(IAsyncResult asyncResult)
   在 System.Web.Mvc.Async.AsyncControllerActionInvoker.<>c__DisplayClass21.<>c__DisplayClass2b.<BeginInvokeAction>b__1c()
   在 System.Web.Mvc.Async.AsyncControllerActionInvoker.<>c__DisplayClass21.<BeginInvokeAction>b__1e(IAsyncResult asyncResult)
2018-11-02 16:03:33,435  Wisdom.Client.Admin.Filter.AjaxExceptionFilter : System.Net.WebException: 远程服务器返回错误: (500) 内部服务器错误。
   在 System.Net.HttpWebRequest.GetResponse()
   在 WisdomScenic.Project.Infrastructure.WebApiHelper.Get[T](String url, String query, String queryStr, Int32 staffId, Boolean sign) 位置 E:\Project\Wisdom.Trip\Web.Service\WisdomScenic.Project.Infrastructure\Net\WebApiHelper.cs:行号 154
   在 WisdomScenic.Project.Infrastructure.WebApiHelper.GetApiToken(Int32 staffId) 位置 E:\Project\Wisdom.Trip\Web.Service\WisdomScenic.Project.Infrastructure\Net\WebApiHelper.cs:行号 235
   在 WisdomScenic.Project.Infrastructure.WebApiHelper.GetSignToken(Int32 staffId) 位置 E:\Project\Wisdom.Trip\Web.Service\WisdomScenic.Project.Infrastructure\Net\WebApiHelper.cs:行号 218
   在 WisdomScenic.Project.Infrastructure.WebApiHelper.GetSignature(String timeStamp, String nonce, Int32 staffId) 位置 E:\Project\Wisdom.Trip\Web.Service\WisdomScenic.Project.Infrastructure\Net\WebApiHelper.cs:行号 349
   在 WisdomScenic.Project.Infrastructure.WebApiHelper.Post[T](String url, String data, Int32 staffId) 位置 E:\Project\Wisdom.Trip\Web.Service\WisdomScenic.Project.Infrastructure\Net\WebApiHelper.cs:行号 81
   在 Wisdom.Client.Admin.Controllers.LoginController.LoginOp(String account, String pwd) 位置 E:\Project\Wisdom.Trip\Web.Client\Wisdom.Client\Wisdom.Client.Admin\Controllers\LoginController.cs:行号 47
   在 lambda_method(Closure , ControllerBase , Object[] )
   在 System.Web.Mvc.ReflectedActionDescriptor.Execute(ControllerContext controllerContext, IDictionary`2 parameters)
   在 System.Web.Mvc.ControllerActionInvoker.InvokeActionMethod(ControllerContext controllerContext, ActionDescriptor actionDescriptor, IDictionary`2 parameters)
   在 System.Web.Mvc.Async.AsyncControllerActionInvoker.<BeginInvokeSynchronousActionMethod>b__39(IAsyncResult asyncResult, ActionInvocation innerInvokeState)
   在 System.Web.Mvc.Async.AsyncResultWrapper.WrappedAsyncResult`2.CallEndDelegate(IAsyncResult asyncResult)
   在 System.Web.Mvc.Async.AsyncControllerActionInvoker.EndInvokeActionMethod(IAsyncResult asyncResult)
   在 System.Web.Mvc.Async.AsyncControllerActionInvoker.AsyncInvocationWithFilters.<InvokeActionMethodFilterAsynchronouslyRecursive>b__3d()
   在 System.Web.Mvc.Async.AsyncControllerActionInvoker.AsyncInvocationWithFilters.<>c__DisplayClass46.<InvokeActionMethodFilterAsynchronouslyRecursive>b__3f()
   在 System.Web.Mvc.Async.AsyncControllerActionInvoker.EndInvokeActionMethodWithFilters(IAsyncResult asyncResult)
   在 System.Web.Mvc.Async.AsyncControllerActionInvoker.<>c__DisplayClass21.<>c__DisplayClass2b.<BeginInvokeAction>b__1c()
   在 System.Web.Mvc.Async.AsyncControllerActionInvoker.<>c__DisplayClass21.<BeginInvokeAction>b__1e(IAsyncResult asyncResult)
2018-11-02 16:03:53,460  Wisdom.Client.Admin.Filter.AjaxExceptionFilter : System.Net.WebException: 远程服务器返回错误: (500) 内部服务器错误。
   在 System.Net.HttpWebRequest.GetResponse()
   在 WisdomScenic.Project.Infrastructure.WebApiHelper.Get[T](String url, String query, String queryStr, Int32 staffId, Boolean sign) 位置 E:\Project\Wisdom.Trip\Web.Service\WisdomScenic.Project.Infrastructure\Net\WebApiHelper.cs:行号 154
   在 WisdomScenic.Project.Infrastructure.WebApiHelper.GetApiToken(Int32 staffId) 位置 E:\Project\Wisdom.Trip\Web.Service\WisdomScenic.Project.Infrastructure\Net\WebApiHelper.cs:行号 235
   在 WisdomScenic.Project.Infrastructure.WebApiHelper.GetSignToken(Int32 staffId) 位置 E:\Project\Wisdom.Trip\Web.Service\WisdomScenic.Project.Infrastructure\Net\WebApiHelper.cs:行号 218
   在 WisdomScenic.Project.Infrastructure.WebApiHelper.GetSignature(String timeStamp, String nonce, Int32 staffId) 位置 E:\Project\Wisdom.Trip\Web.Service\WisdomScenic.Project.Infrastructure\Net\WebApiHelper.cs:行号 349
   在 WisdomScenic.Project.Infrastructure.WebApiHelper.Post[T](String url, String data, Int32 staffId) 位置 E:\Project\Wisdom.Trip\Web.Service\WisdomScenic.Project.Infrastructure\Net\WebApiHelper.cs:行号 81
   在 Wisdom.Client.Admin.Controllers.LoginController.LoginOp(String account, String pwd) 位置 E:\Project\Wisdom.Trip\Web.Client\Wisdom.Client\Wisdom.Client.Admin\Controllers\LoginController.cs:行号 47
   在 lambda_method(Closure , ControllerBase , Object[] )
   在 System.Web.Mvc.ReflectedActionDescriptor.Execute(ControllerContext controllerContext, IDictionary`2 parameters)
   在 System.Web.Mvc.ControllerActionInvoker.InvokeActionMethod(ControllerContext controllerContext, ActionDescriptor actionDescriptor, IDictionary`2 parameters)
   在 System.Web.Mvc.Async.AsyncControllerActionInvoker.<BeginInvokeSynchronousActionMethod>b__39(IAsyncResult asyncResult, ActionInvocation innerInvokeState)
   在 System.Web.Mvc.Async.AsyncResultWrapper.WrappedAsyncResult`2.CallEndDelegate(IAsyncResult asyncResult)
   在 System.Web.Mvc.Async.AsyncControllerActionInvoker.EndInvokeActionMethod(IAsyncResult asyncResult)
   在 System.Web.Mvc.Async.AsyncControllerActionInvoker.AsyncInvocationWithFilters.<InvokeActionMethodFilterAsynchronouslyRecursive>b__3d()
   在 System.Web.Mvc.Async.AsyncControllerActionInvoker.AsyncInvocationWithFilters.<>c__DisplayClass46.<InvokeActionMethodFilterAsynchronouslyRecursive>b__3f()
   在 System.Web.Mvc.Async.AsyncControllerActionInvoker.EndInvokeActionMethodWithFilters(IAsyncResult asyncResult)
   在 System.Web.Mvc.Async.AsyncControllerActionInvoker.<>c__DisplayClass21.<>c__DisplayClass2b.<BeginInvokeAction>b__1c()
   在 System.Web.Mvc.Async.AsyncControllerActionInvoker.<>c__DisplayClass21.<BeginInvokeAction>b__1e(IAsyncResult asyncResult)
2018-11-02 16:03:53,494  Wisdom.Client.Admin.Filter.AjaxExceptionFilter : System.Net.WebException: 远程服务器返回错误: (500) 内部服务器错误。
   在 System.Net.HttpWebRequest.GetResponse()
   在 WisdomScenic.Project.Infrastructure.WebApiHelper.Get[T](String url, String query, String queryStr, Int32 staffId, Boolean sign) 位置 E:\Project\Wisdom.Trip\Web.Service\WisdomScenic.Project.Infrastructure\Net\WebApiHelper.cs:行号 154
   在 WisdomScenic.Project.Infrastructure.WebApiHelper.GetApiToken(Int32 staffId) 位置 E:\Project\Wisdom.Trip\Web.Service\WisdomScenic.Project.Infrastructure\Net\WebApiHelper.cs:行号 235
   在 WisdomScenic.Project.Infrastructure.WebApiHelper.GetSignToken(Int32 staffId) 位置 E:\Project\Wisdom.Trip\Web.Service\WisdomScenic.Project.Infrastructure\Net\WebApiHelper.cs:行号 218
   在 WisdomScenic.Project.Infrastructure.WebApiHelper.GetSignature(String timeStamp, String nonce, Int32 staffId) 位置 E:\Project\Wisdom.Trip\Web.Service\WisdomScenic.Project.Infrastructure\Net\WebApiHelper.cs:行号 349
   在 WisdomScenic.Project.Infrastructure.WebApiHelper.Post[T](String url, String data, Int32 staffId) 位置 E:\Project\Wisdom.Trip\Web.Service\WisdomScenic.Project.Infrastructure\Net\WebApiHelper.cs:行号 81
   在 Wisdom.Client.Admin.Controllers.LoginController.LoginOp(String account, String pwd) 位置 E:\Project\Wisdom.Trip\Web.Client\Wisdom.Client\Wisdom.Client.Admin\Controllers\LoginController.cs:行号 47
   在 lambda_method(Closure , ControllerBase , Object[] )
   在 System.Web.Mvc.ReflectedActionDescriptor.Execute(ControllerContext controllerContext, IDictionary`2 parameters)
   在 System.Web.Mvc.ControllerActionInvoker.InvokeActionMethod(ControllerContext controllerContext, ActionDescriptor actionDescriptor, IDictionary`2 parameters)
   在 System.Web.Mvc.Async.AsyncControllerActionInvoker.<BeginInvokeSynchronousActionMethod>b__39(IAsyncResult asyncResult, ActionInvocation innerInvokeState)
   在 System.Web.Mvc.Async.AsyncResultWrapper.WrappedAsyncResult`2.CallEndDelegate(IAsyncResult asyncResult)
   在 System.Web.Mvc.Async.AsyncControllerActionInvoker.EndInvokeActionMethod(IAsyncResult asyncResult)
   在 System.Web.Mvc.Async.AsyncControllerActionInvoker.AsyncInvocationWithFilters.<InvokeActionMethodFilterAsynchronouslyRecursive>b__3d()
   在 System.Web.Mvc.Async.AsyncControllerActionInvoker.AsyncInvocationWithFilters.<>c__DisplayClass46.<InvokeActionMethodFilterAsynchronouslyRecursive>b__3f()
   在 System.Web.Mvc.Async.AsyncControllerActionInvoker.EndInvokeActionMethodWithFilters(IAsyncResult asyncResult)
   在 System.Web.Mvc.Async.AsyncControllerActionInvoker.<>c__DisplayClass21.<>c__DisplayClass2b.<BeginInvokeAction>b__1c()
   在 System.Web.Mvc.Async.AsyncControllerActionInvoker.<>c__DisplayClass21.<BeginInvokeAction>b__1e(IAsyncResult asyncResult)
2018-11-02 16:03:53,506  Wisdom.Client.Admin.Filter.AjaxExceptionFilter : System.Net.WebException: 远程服务器返回错误: (500) 内部服务器错误。
   在 System.Net.HttpWebRequest.GetResponse()
   在 WisdomScenic.Project.Infrastructure.WebApiHelper.Get[T](String url, String query, String queryStr, Int32 staffId, Boolean sign) 位置 E:\Project\Wisdom.Trip\Web.Service\WisdomScenic.Project.Infrastructure\Net\WebApiHelper.cs:行号 154
   在 WisdomScenic.Project.Infrastructure.WebApiHelper.GetApiToken(Int32 staffId) 位置 E:\Project\Wisdom.Trip\Web.Service\WisdomScenic.Project.Infrastructure\Net\WebApiHelper.cs:行号 235
   在 WisdomScenic.Project.Infrastructure.WebApiHelper.GetSignToken(Int32 staffId) 位置 E:\Project\Wisdom.Trip\Web.Service\WisdomScenic.Project.Infrastructure\Net\WebApiHelper.cs:行号 218
   在 WisdomScenic.Project.Infrastructure.WebApiHelper.GetSignature(String timeStamp, String nonce, Int32 staffId) 位置 E:\Project\Wisdom.Trip\Web.Service\WisdomScenic.Project.Infrastructure\Net\WebApiHelper.cs:行号 349
   在 WisdomScenic.Project.Infrastructure.WebApiHelper.Post[T](String url, String data, Int32 staffId) 位置 E:\Project\Wisdom.Trip\Web.Service\WisdomScenic.Project.Infrastructure\Net\WebApiHelper.cs:行号 81
   在 Wisdom.Client.Admin.Controllers.LoginController.LoginOp(String account, String pwd) 位置 E:\Project\Wisdom.Trip\Web.Client\Wisdom.Client\Wisdom.Client.Admin\Controllers\LoginController.cs:行号 47
   在 lambda_method(Closure , ControllerBase , Object[] )
   在 System.Web.Mvc.ReflectedActionDescriptor.Execute(ControllerContext controllerContext, IDictionary`2 parameters)
   在 System.Web.Mvc.ControllerActionInvoker.InvokeActionMethod(ControllerContext controllerContext, ActionDescriptor actionDescriptor, IDictionary`2 parameters)
   在 System.Web.Mvc.Async.AsyncControllerActionInvoker.<BeginInvokeSynchronousActionMethod>b__39(IAsyncResult asyncResult, ActionInvocation innerInvokeState)
   在 System.Web.Mvc.Async.AsyncResultWrapper.WrappedAsyncResult`2.CallEndDelegate(IAsyncResult asyncResult)
   在 System.Web.Mvc.Async.AsyncControllerActionInvoker.EndInvokeActionMethod(IAsyncResult asyncResult)
   在 System.Web.Mvc.Async.AsyncControllerActionInvoker.AsyncInvocationWithFilters.<InvokeActionMethodFilterAsynchronouslyRecursive>b__3d()
   在 System.Web.Mvc.Async.AsyncControllerActionInvoker.AsyncInvocationWithFilters.<>c__DisplayClass46.<InvokeActionMethodFilterAsynchronouslyRecursive>b__3f()
   在 System.Web.Mvc.Async.AsyncControllerActionInvoker.EndInvokeActionMethodWithFilters(IAsyncResult asyncResult)
   在 System.Web.Mvc.Async.AsyncControllerActionInvoker.<>c__DisplayClass21.<>c__DisplayClass2b.<BeginInvokeAction>b__1c()
   在 System.Web.Mvc.Async.AsyncControllerActionInvoker.<>c__DisplayClass21.<BeginInvokeAction>b__1e(IAsyncResult asyncResult)
2018-11-02 16:03:53,516  Wisdom.Client.Admin.Filter.AjaxExceptionFilter : System.Net.WebException: 远程服务器返回错误: (500) 内部服务器错误。
   在 System.Net.HttpWebRequest.GetResponse()
   在 WisdomScenic.Project.Infrastructure.WebApiHelper.Get[T](String url, String query, String queryStr, Int32 staffId, Boolean sign) 位置 E:\Project\Wisdom.Trip\Web.Service\WisdomScenic.Project.Infrastructure\Net\WebApiHelper.cs:行号 154
   在 WisdomScenic.Project.Infrastructure.WebApiHelper.GetApiToken(Int32 staffId) 位置 E:\Project\Wisdom.Trip\Web.Service\WisdomScenic.Project.Infrastructure\Net\WebApiHelper.cs:行号 235
   在 WisdomScenic.Project.Infrastructure.WebApiHelper.GetSignToken(Int32 staffId) 位置 E:\Project\Wisdom.Trip\Web.Service\WisdomScenic.Project.Infrastructure\Net\WebApiHelper.cs:行号 218
   在 WisdomScenic.Project.Infrastructure.WebApiHelper.GetSignature(String timeStamp, String nonce, Int32 staffId) 位置 E:\Project\Wisdom.Trip\Web.Service\WisdomScenic.Project.Infrastructure\Net\WebApiHelper.cs:行号 349
   在 WisdomScenic.Project.Infrastructure.WebApiHelper.Post[T](String url, String data, Int32 staffId) 位置 E:\Project\Wisdom.Trip\Web.Service\WisdomScenic.Project.Infrastructure\Net\WebApiHelper.cs:行号 81
   在 Wisdom.Client.Admin.Controllers.LoginController.LoginOp(String account, String pwd) 位置 E:\Project\Wisdom.Trip\Web.Client\Wisdom.Client\Wisdom.Client.Admin\Controllers\LoginController.cs:行号 47
   在 lambda_method(Closure , ControllerBase , Object[] )
   在 System.Web.Mvc.ReflectedActionDescriptor.Execute(ControllerContext controllerContext, IDictionary`2 parameters)
   在 System.Web.Mvc.ControllerActionInvoker.InvokeActionMethod(ControllerContext controllerContext, ActionDescriptor actionDescriptor, IDictionary`2 parameters)
   在 System.Web.Mvc.Async.AsyncControllerActionInvoker.<BeginInvokeSynchronousActionMethod>b__39(IAsyncResult asyncResult, ActionInvocation innerInvokeState)
   在 System.Web.Mvc.Async.AsyncResultWrapper.WrappedAsyncResult`2.CallEndDelegate(IAsyncResult asyncResult)
   在 System.Web.Mvc.Async.AsyncControllerActionInvoker.EndInvokeActionMethod(IAsyncResult asyncResult)
   在 System.Web.Mvc.Async.AsyncControllerActionInvoker.AsyncInvocationWithFilters.<InvokeActionMethodFilterAsynchronouslyRecursive>b__3d()
   在 System.Web.Mvc.Async.AsyncControllerActionInvoker.AsyncInvocationWithFilters.<>c__DisplayClass46.<InvokeActionMethodFilterAsynchronouslyRecursive>b__3f()
   在 System.Web.Mvc.Async.AsyncControllerActionInvoker.EndInvokeActionMethodWithFilters(IAsyncResult asyncResult)
   在 System.Web.Mvc.Async.AsyncControllerActionInvoker.<>c__DisplayClass21.<>c__DisplayClass2b.<BeginInvokeAction>b__1c()
   在 System.Web.Mvc.Async.AsyncControllerActionInvoker.<>c__DisplayClass21.<BeginInvokeAction>b__1e(IAsyncResult asyncResult)
2018-11-02 16:03:53,528  Wisdom.Client.Admin.Filter.AjaxExceptionFilter : System.Net.WebException: 远程服务器返回错误: (500) 内部服务器错误。
   在 System.Net.HttpWebRequest.GetResponse()
   在 WisdomScenic.Project.Infrastructure.WebApiHelper.Get[T](String url, String query, String queryStr, Int32 staffId, Boolean sign) 位置 E:\Project\Wisdom.Trip\Web.Service\WisdomScenic.Project.Infrastructure\Net\WebApiHelper.cs:行号 154
   在 WisdomScenic.Project.Infrastructure.WebApiHelper.GetApiToken(Int32 staffId) 位置 E:\Project\Wisdom.Trip\Web.Service\WisdomScenic.Project.Infrastructure\Net\WebApiHelper.cs:行号 235
   在 WisdomScenic.Project.Infrastructure.WebApiHelper.GetSignToken(Int32 staffId) 位置 E:\Project\Wisdom.Trip\Web.Service\WisdomScenic.Project.Infrastructure\Net\WebApiHelper.cs:行号 218
   在 WisdomScenic.Project.Infrastructure.WebApiHelper.GetSignature(String timeStamp, String nonce, Int32 staffId) 位置 E:\Project\Wisdom.Trip\Web.Service\WisdomScenic.Project.Infrastructure\Net\WebApiHelper.cs:行号 349
   在 WisdomScenic.Project.Infrastructure.WebApiHelper.Post[T](String url, String data, Int32 staffId) 位置 E:\Project\Wisdom.Trip\Web.Service\WisdomScenic.Project.Infrastructure\Net\WebApiHelper.cs:行号 81
   在 Wisdom.Client.Admin.Controllers.LoginController.LoginOp(String account, String pwd) 位置 E:\Project\Wisdom.Trip\Web.Client\Wisdom.Client\Wisdom.Client.Admin\Controllers\LoginController.cs:行号 47
   在 lambda_method(Closure , ControllerBase , Object[] )
   在 System.Web.Mvc.ReflectedActionDescriptor.Execute(ControllerContext controllerContext, IDictionary`2 parameters)
   在 System.Web.Mvc.ControllerActionInvoker.InvokeActionMethod(ControllerContext controllerContext, ActionDescriptor actionDescriptor, IDictionary`2 parameters)
   在 System.Web.Mvc.Async.AsyncControllerActionInvoker.<BeginInvokeSynchronousActionMethod>b__39(IAsyncResult asyncResult, ActionInvocation innerInvokeState)
   在 System.Web.Mvc.Async.AsyncResultWrapper.WrappedAsyncResult`2.CallEndDelegate(IAsyncResult asyncResult)
   在 System.Web.Mvc.Async.AsyncControllerActionInvoker.EndInvokeActionMethod(IAsyncResult asyncResult)
   在 System.Web.Mvc.Async.AsyncControllerActionInvoker.AsyncInvocationWithFilters.<InvokeActionMethodFilterAsynchronouslyRecursive>b__3d()
   在 System.Web.Mvc.Async.AsyncControllerActionInvoker.AsyncInvocationWithFilters.<>c__DisplayClass46.<InvokeActionMethodFilterAsynchronouslyRecursive>b__3f()
   在 System.Web.Mvc.Async.AsyncControllerActionInvoker.EndInvokeActionMethodWithFilters(IAsyncResult asyncResult)
   在 System.Web.Mvc.Async.AsyncControllerActionInvoker.<>c__DisplayClass21.<>c__DisplayClass2b.<BeginInvokeAction>b__1c()
   在 System.Web.Mvc.Async.AsyncControllerActionInvoker.<>c__DisplayClass21.<BeginInvokeAction>b__1e(IAsyncResult asyncResult)
