2018-11-03 21:21:57,341  EnrolmentPlatform.Project.Client.Admin.Filter.ExceptionFilter : System.NullReferenceException: 未将对象引用设置到对象的实例。
   在 EnrolmentPlatform.Project.Infrastructure.WebApiHelper.GetSignToken(Int32 staffId) 位置 E:\Project\Source\EnrolmentPlatform\API\EnrolmentPlatform.Project.Infrastructure\Net\WebApiHelper.cs:行号 219
   在 EnrolmentPlatform.Project.Infrastructure.WebApiHelper.GetSignature(String timeStamp, String nonce, Int32 staffId) 位置 E:\Project\Source\EnrolmentPlatform\API\EnrolmentPlatform.Project.Infrastructure\Net\WebApiHelper.cs:行号 349
   在 EnrolmentPlatform.Project.Infrastructure.WebApiHelper.<GetAsync>d__5`1.MoveNext() 位置 E:\Project\Source\EnrolmentPlatform\API\EnrolmentPlatform.Project.Infrastructure\Net\WebApiHelper.cs:行号 176
--- 引发异常的上一位置中堆栈跟踪的末尾 ---
   在 System.Runtime.CompilerServices.TaskAwaiter.ThrowForNonSuccess(Task task)
   在 System.Runtime.CompilerServices.TaskAwaiter.HandleNonSuccessAndDebuggerNotification(Task task)
   在 System.Runtime.CompilerServices.TaskAwaiter`1.GetResult()
   在 EnrolmentPlatform.Project.Client.Admin.Controllers.HomeController.<Index>d__0.MoveNext() 位置 E:\Project\Source\EnrolmentPlatform\Web\EnrolmentPlatform.Project.Client.Admin\Controllers\HomeController.cs:行号 27
--- 引发异常的上一位置中堆栈跟踪的末尾 ---
   在 System.Runtime.CompilerServices.TaskAwaiter.ThrowForNonSuccess(Task task)
   在 System.Runtime.CompilerServices.TaskAwaiter.HandleNonSuccessAndDebuggerNotification(Task task)
   在 System.Web.Mvc.Async.TaskAsyncActionDescriptor.EndExecute(IAsyncResult asyncResult)
   在 System.Web.Mvc.Async.AsyncControllerActionInvoker.<>c__DisplayClass8_0.<BeginInvokeAsynchronousActionMethod>b__1(IAsyncResult asyncResult)
   在 System.Web.Mvc.Async.AsyncResultWrapper.WrappedAsyncResult`1.CallEndDelegate(IAsyncResult asyncResult)
   在 System.Web.Mvc.Async.AsyncResultWrapper.WrappedAsyncResultBase`1.End()
   在 System.Web.Mvc.Async.AsyncControllerActionInvoker.EndInvokeActionMethod(IAsyncResult asyncResult)
   在 System.Web.Mvc.Async.AsyncControllerActionInvoker.AsyncInvocationWithFilters.<InvokeActionMethodFilterAsynchronouslyRecursive>b__11_0()
   在 System.Web.Mvc.Async.AsyncControllerActionInvoker.AsyncInvocationWithFilters.<>c__DisplayClass11_1.<InvokeActionMethodFilterAsynchronouslyRecursive>b__2()
   在 System.Web.Mvc.Async.AsyncControllerActionInvoker.AsyncInvocationWithFilters.<>c__DisplayClass11_1.<InvokeActionMethodFilterAsynchronouslyRecursive>b__2()
   在 System.Web.Mvc.Async.AsyncControllerActionInvoker.<>c__DisplayClass7_0.<BeginInvokeActionMethodWithFilters>b__1(IAsyncResult asyncResult)
   在 System.Web.Mvc.Async.AsyncResultWrapper.WrappedAsyncResult`1.CallEndDelegate(IAsyncResult asyncResult)
   在 System.Web.Mvc.Async.AsyncResultWrapper.WrappedAsyncResultBase`1.End()
   在 System.Web.Mvc.Async.AsyncControllerActionInvoker.EndInvokeActionMethodWithFilters(IAsyncResult asyncResult)
   在 System.Web.Mvc.Async.AsyncControllerActionInvoker.<>c__DisplayClass3_6.<BeginInvokeAction>b__3()
   在 System.Web.Mvc.Async.AsyncControllerActionInvoker.<>c__DisplayClass3_1.<BeginInvokeAction>b__5(IAsyncResult asyncResult)
2018-11-03 21:22:36,748  EnrolmentPlatform.Project.Client.Admin.Filter.ExceptionFilter : System.NullReferenceException: 未将对象引用设置到对象的实例。
   在 EnrolmentPlatform.Project.Infrastructure.WebApiHelper.GetSignToken(Int32 staffId) 位置 E:\Project\Source\EnrolmentPlatform\API\EnrolmentPlatform.Project.Infrastructure\Net\WebApiHelper.cs:行号 219
   在 EnrolmentPlatform.Project.Infrastructure.WebApiHelper.GetSignature(String timeStamp, String nonce, Int32 staffId) 位置 E:\Project\Source\EnrolmentPlatform\API\EnrolmentPlatform.Project.Infrastructure\Net\WebApiHelper.cs:行号 349
   在 EnrolmentPlatform.Project.Infrastructure.WebApiHelper.<GetAsync>d__5`1.MoveNext() 位置 E:\Project\Source\EnrolmentPlatform\API\EnrolmentPlatform.Project.Infrastructure\Net\WebApiHelper.cs:行号 176
--- 引发异常的上一位置中堆栈跟踪的末尾 ---
   在 System.Runtime.CompilerServices.TaskAwaiter.ThrowForNonSuccess(Task task)
   在 System.Runtime.CompilerServices.TaskAwaiter.HandleNonSuccessAndDebuggerNotification(Task task)
   在 System.Runtime.CompilerServices.TaskAwaiter`1.GetResult()
   在 EnrolmentPlatform.Project.Client.Admin.Controllers.HomeController.<Index>d__0.MoveNext() 位置 E:\Project\Source\EnrolmentPlatform\Web\EnrolmentPlatform.Project.Client.Admin\Controllers\HomeController.cs:行号 27
--- 引发异常的上一位置中堆栈跟踪的末尾 ---
   在 System.Runtime.CompilerServices.TaskAwaiter.ThrowForNonSuccess(Task task)
   在 System.Runtime.CompilerServices.TaskAwaiter.HandleNonSuccessAndDebuggerNotification(Task task)
   在 System.Web.Mvc.Async.TaskAsyncActionDescriptor.EndExecute(IAsyncResult asyncResult)
   在 System.Web.Mvc.Async.AsyncControllerActionInvoker.<>c__DisplayClass8_0.<BeginInvokeAsynchronousActionMethod>b__1(IAsyncResult asyncResult)
   在 System.Web.Mvc.Async.AsyncResultWrapper.WrappedAsyncResult`1.CallEndDelegate(IAsyncResult asyncResult)
   在 System.Web.Mvc.Async.AsyncResultWrapper.WrappedAsyncResultBase`1.End()
   在 System.Web.Mvc.Async.AsyncControllerActionInvoker.EndInvokeActionMethod(IAsyncResult asyncResult)
   在 System.Web.Mvc.Async.AsyncControllerActionInvoker.AsyncInvocationWithFilters.<InvokeActionMethodFilterAsynchronouslyRecursive>b__11_0()
   在 System.Web.Mvc.Async.AsyncControllerActionInvoker.AsyncInvocationWithFilters.<>c__DisplayClass11_1.<InvokeActionMethodFilterAsynchronouslyRecursive>b__2()
   在 System.Web.Mvc.Async.AsyncControllerActionInvoker.AsyncInvocationWithFilters.<>c__DisplayClass11_1.<InvokeActionMethodFilterAsynchronouslyRecursive>b__2()
   在 System.Web.Mvc.Async.AsyncControllerActionInvoker.<>c__DisplayClass7_0.<BeginInvokeActionMethodWithFilters>b__1(IAsyncResult asyncResult)
   在 System.Web.Mvc.Async.AsyncResultWrapper.WrappedAsyncResult`1.CallEndDelegate(IAsyncResult asyncResult)
   在 System.Web.Mvc.Async.AsyncResultWrapper.WrappedAsyncResultBase`1.End()
   在 System.Web.Mvc.Async.AsyncControllerActionInvoker.EndInvokeActionMethodWithFilters(IAsyncResult asyncResult)
   在 System.Web.Mvc.Async.AsyncControllerActionInvoker.<>c__DisplayClass3_6.<BeginInvokeAction>b__3()
   在 System.Web.Mvc.Async.AsyncControllerActionInvoker.<>c__DisplayClass3_1.<BeginInvokeAction>b__5(IAsyncResult asyncResult)
2018-11-03 21:23:59,040  EnrolmentPlatform.Project.Client.Admin.Filter.ExceptionFilter : System.NullReferenceException: 未将对象引用设置到对象的实例。
   在 EnrolmentPlatform.Project.Infrastructure.WebApiHelper.GetSignToken(Int32 staffId) 位置 E:\Project\Source\EnrolmentPlatform\API\EnrolmentPlatform.Project.Infrastructure\Net\WebApiHelper.cs:行号 219
   在 EnrolmentPlatform.Project.Infrastructure.WebApiHelper.GetSignature(String timeStamp, String nonce, Int32 staffId) 位置 E:\Project\Source\EnrolmentPlatform\API\EnrolmentPlatform.Project.Infrastructure\Net\WebApiHelper.cs:行号 349
   在 EnrolmentPlatform.Project.Infrastructure.WebApiHelper.<GetAsync>d__5`1.MoveNext() 位置 E:\Project\Source\EnrolmentPlatform\API\EnrolmentPlatform.Project.Infrastructure\Net\WebApiHelper.cs:行号 176
--- 引发异常的上一位置中堆栈跟踪的末尾 ---
   在 System.Runtime.CompilerServices.TaskAwaiter.ThrowForNonSuccess(Task task)
   在 System.Runtime.CompilerServices.TaskAwaiter.HandleNonSuccessAndDebuggerNotification(Task task)
   在 System.Runtime.CompilerServices.TaskAwaiter`1.GetResult()
   在 EnrolmentPlatform.Project.Client.Admin.Controllers.HomeController.<Index>d__0.MoveNext() 位置 E:\Project\Source\EnrolmentPlatform\Web\EnrolmentPlatform.Project.Client.Admin\Controllers\HomeController.cs:行号 27
--- 引发异常的上一位置中堆栈跟踪的末尾 ---
   在 System.Runtime.CompilerServices.TaskAwaiter.ThrowForNonSuccess(Task task)
   在 System.Runtime.CompilerServices.TaskAwaiter.HandleNonSuccessAndDebuggerNotification(Task task)
   在 System.Web.Mvc.Async.TaskAsyncActionDescriptor.EndExecute(IAsyncResult asyncResult)
   在 System.Web.Mvc.Async.AsyncControllerActionInvoker.<>c__DisplayClass8_0.<BeginInvokeAsynchronousActionMethod>b__1(IAsyncResult asyncResult)
   在 System.Web.Mvc.Async.AsyncResultWrapper.WrappedAsyncResult`1.CallEndDelegate(IAsyncResult asyncResult)
   在 System.Web.Mvc.Async.AsyncResultWrapper.WrappedAsyncResultBase`1.End()
   在 System.Web.Mvc.Async.AsyncControllerActionInvoker.EndInvokeActionMethod(IAsyncResult asyncResult)
   在 System.Web.Mvc.Async.AsyncControllerActionInvoker.AsyncInvocationWithFilters.<InvokeActionMethodFilterAsynchronouslyRecursive>b__11_0()
   在 System.Web.Mvc.Async.AsyncControllerActionInvoker.AsyncInvocationWithFilters.<>c__DisplayClass11_1.<InvokeActionMethodFilterAsynchronouslyRecursive>b__2()
   在 System.Web.Mvc.Async.AsyncControllerActionInvoker.AsyncInvocationWithFilters.<>c__DisplayClass11_1.<InvokeActionMethodFilterAsynchronouslyRecursive>b__2()
   在 System.Web.Mvc.Async.AsyncControllerActionInvoker.<>c__DisplayClass7_0.<BeginInvokeActionMethodWithFilters>b__1(IAsyncResult asyncResult)
   在 System.Web.Mvc.Async.AsyncResultWrapper.WrappedAsyncResult`1.CallEndDelegate(IAsyncResult asyncResult)
   在 System.Web.Mvc.Async.AsyncResultWrapper.WrappedAsyncResultBase`1.End()
   在 System.Web.Mvc.Async.AsyncControllerActionInvoker.EndInvokeActionMethodWithFilters(IAsyncResult asyncResult)
   在 System.Web.Mvc.Async.AsyncControllerActionInvoker.<>c__DisplayClass3_6.<BeginInvokeAction>b__3()
   在 System.Web.Mvc.Async.AsyncControllerActionInvoker.<>c__DisplayClass3_1.<BeginInvokeAction>b__5(IAsyncResult asyncResult)
2018-11-03 22:31:17,767  EnrolmentPlatform.Project.Client.Admin.Filter.AjaxExceptionFilter : System.NullReferenceException: 未将对象引用设置到对象的实例。
   在 EnrolmentPlatform.Project.Infrastructure.WebApiHelper.GetSignToken(Int32 staffId) 位置 E:\Project\Source\EnrolmentPlatform\API\EnrolmentPlatform.Project.Infrastructure\Net\WebApiHelper.cs:行号 212
   在 EnrolmentPlatform.Project.Infrastructure.WebApiHelper.GetSignature(String timeStamp, String nonce, Int32 staffId) 位置 E:\Project\Source\EnrolmentPlatform\API\EnrolmentPlatform.Project.Infrastructure\Net\WebApiHelper.cs:行号 349
   在 EnrolmentPlatform.Project.Infrastructure.WebApiHelper.Post[T](String url, String data, Int32 staffId) 位置 E:\Project\Source\EnrolmentPlatform\API\EnrolmentPlatform.Project.Infrastructure\Net\WebApiHelper.cs:行号 81
   在 EnrolmentPlatform.Project.Client.Admin.Controllers.LoginController.LoginOp(String account, String pwd) 位置 E:\Project\Source\EnrolmentPlatform\Web\EnrolmentPlatform.Project.Client.Admin\Controllers\LoginController.cs:行号 47
   在 lambda_method(Closure , ControllerBase , Object[] )
   在 System.Web.Mvc.ActionMethodDispatcher.Execute(ControllerBase controller, Object[] parameters)
   在 System.Web.Mvc.ReflectedActionDescriptor.Execute(ControllerContext controllerContext, IDictionary`2 parameters)
   在 System.Web.Mvc.ControllerActionInvoker.InvokeActionMethod(ControllerContext controllerContext, ActionDescriptor actionDescriptor, IDictionary`2 parameters)
   在 System.Web.Mvc.Async.AsyncControllerActionInvoker.<>c.<BeginInvokeSynchronousActionMethod>b__9_0(IAsyncResult asyncResult, ActionInvocation innerInvokeState)
   在 System.Web.Mvc.Async.AsyncResultWrapper.WrappedAsyncResult`2.CallEndDelegate(IAsyncResult asyncResult)
   在 System.Web.Mvc.Async.AsyncResultWrapper.WrappedAsyncResultBase`1.End()
   在 System.Web.Mvc.Async.AsyncControllerActionInvoker.EndInvokeActionMethod(IAsyncResult asyncResult)
   在 System.Web.Mvc.Async.AsyncControllerActionInvoker.AsyncInvocationWithFilters.<InvokeActionMethodFilterAsynchronouslyRecursive>b__11_0()
   在 System.Web.Mvc.Async.AsyncControllerActionInvoker.AsyncInvocationWithFilters.<>c__DisplayClass11_1.<InvokeActionMethodFilterAsynchronouslyRecursive>b__2()
   在 System.Web.Mvc.Async.AsyncControllerActionInvoker.<>c__DisplayClass7_0.<BeginInvokeActionMethodWithFilters>b__1(IAsyncResult asyncResult)
   在 System.Web.Mvc.Async.AsyncResultWrapper.WrappedAsyncResult`1.CallEndDelegate(IAsyncResult asyncResult)
   在 System.Web.Mvc.Async.AsyncResultWrapper.WrappedAsyncResultBase`1.End()
   在 System.Web.Mvc.Async.AsyncControllerActionInvoker.EndInvokeActionMethodWithFilters(IAsyncResult asyncResult)
   在 System.Web.Mvc.Async.AsyncControllerActionInvoker.<>c__DisplayClass3_6.<BeginInvokeAction>b__3()
   在 System.Web.Mvc.Async.AsyncControllerActionInvoker.<>c__DisplayClass3_1.<BeginInvokeAction>b__5(IAsyncResult asyncResult)
2018-11-03 22:32:04,099  EnrolmentPlatform.Project.Client.Admin.Filter.AjaxExceptionFilter : System.NullReferenceException: 未将对象引用设置到对象的实例。
   在 EnrolmentPlatform.Project.Infrastructure.WebApiHelper.GetSignToken(Int32 staffId) 位置 E:\Project\Source\EnrolmentPlatform\API\EnrolmentPlatform.Project.Infrastructure\Net\WebApiHelper.cs:行号 219
   在 EnrolmentPlatform.Project.Infrastructure.WebApiHelper.GetSignature(String timeStamp, String nonce, Int32 staffId) 位置 E:\Project\Source\EnrolmentPlatform\API\EnrolmentPlatform.Project.Infrastructure\Net\WebApiHelper.cs:行号 349
   在 EnrolmentPlatform.Project.Infrastructure.WebApiHelper.Post[T](String url, String data, Int32 staffId) 位置 E:\Project\Source\EnrolmentPlatform\API\EnrolmentPlatform.Project.Infrastructure\Net\WebApiHelper.cs:行号 81
   在 EnrolmentPlatform.Project.Client.Admin.Controllers.LoginController.LoginOp(String account, String pwd) 位置 E:\Project\Source\EnrolmentPlatform\Web\EnrolmentPlatform.Project.Client.Admin\Controllers\LoginController.cs:行号 47
   在 lambda_method(Closure , ControllerBase , Object[] )
   在 System.Web.Mvc.ActionMethodDispatcher.Execute(ControllerBase controller, Object[] parameters)
   在 System.Web.Mvc.ReflectedActionDescriptor.Execute(ControllerContext controllerContext, IDictionary`2 parameters)
   在 System.Web.Mvc.ControllerActionInvoker.InvokeActionMethod(ControllerContext controllerContext, ActionDescriptor actionDescriptor, IDictionary`2 parameters)
   在 System.Web.Mvc.Async.AsyncControllerActionInvoker.<>c.<BeginInvokeSynchronousActionMethod>b__9_0(IAsyncResult asyncResult, ActionInvocation innerInvokeState)
   在 System.Web.Mvc.Async.AsyncResultWrapper.WrappedAsyncResult`2.CallEndDelegate(IAsyncResult asyncResult)
   在 System.Web.Mvc.Async.AsyncResultWrapper.WrappedAsyncResultBase`1.End()
   在 System.Web.Mvc.Async.AsyncControllerActionInvoker.EndInvokeActionMethod(IAsyncResult asyncResult)
   在 System.Web.Mvc.Async.AsyncControllerActionInvoker.AsyncInvocationWithFilters.<InvokeActionMethodFilterAsynchronouslyRecursive>b__11_0()
   在 System.Web.Mvc.Async.AsyncControllerActionInvoker.AsyncInvocationWithFilters.<>c__DisplayClass11_1.<InvokeActionMethodFilterAsynchronouslyRecursive>b__2()
   在 System.Web.Mvc.Async.AsyncControllerActionInvoker.<>c__DisplayClass7_0.<BeginInvokeActionMethodWithFilters>b__1(IAsyncResult asyncResult)
   在 System.Web.Mvc.Async.AsyncResultWrapper.WrappedAsyncResult`1.CallEndDelegate(IAsyncResult asyncResult)
   在 System.Web.Mvc.Async.AsyncResultWrapper.WrappedAsyncResultBase`1.End()
   在 System.Web.Mvc.Async.AsyncControllerActionInvoker.EndInvokeActionMethodWithFilters(IAsyncResult asyncResult)
   在 System.Web.Mvc.Async.AsyncControllerActionInvoker.<>c__DisplayClass3_6.<BeginInvokeAction>b__3()
   在 System.Web.Mvc.Async.AsyncControllerActionInvoker.<>c__DisplayClass3_1.<BeginInvokeAction>b__5(IAsyncResult asyncResult)
2018-11-03 22:33:05,556  EnrolmentPlatform.Project.Client.Admin.Filter.AjaxExceptionFilter : System.NullReferenceException: 未将对象引用设置到对象的实例。
   在 EnrolmentPlatform.Project.Infrastructure.WebApiHelper.GetSignToken(Int32 staffId) 位置 E:\Project\Source\EnrolmentPlatform\API\EnrolmentPlatform.Project.Infrastructure\Net\WebApiHelper.cs:行号 219
   在 EnrolmentPlatform.Project.Infrastructure.WebApiHelper.GetSignature(String timeStamp, String nonce, Int32 staffId) 位置 E:\Project\Source\EnrolmentPlatform\API\EnrolmentPlatform.Project.Infrastructure\Net\WebApiHelper.cs:行号 349
   在 EnrolmentPlatform.Project.Infrastructure.WebApiHelper.Post[T](String url, String data, Int32 staffId) 位置 E:\Project\Source\EnrolmentPlatform\API\EnrolmentPlatform.Project.Infrastructure\Net\WebApiHelper.cs:行号 81
   在 EnrolmentPlatform.Project.Client.Admin.Controllers.LoginController.LoginOp(String account, String pwd) 位置 E:\Project\Source\EnrolmentPlatform\Web\EnrolmentPlatform.Project.Client.Admin\Controllers\LoginController.cs:行号 47
   在 lambda_method(Closure , ControllerBase , Object[] )
   在 System.Web.Mvc.ActionMethodDispatcher.Execute(ControllerBase controller, Object[] parameters)
   在 System.Web.Mvc.ReflectedActionDescriptor.Execute(ControllerContext controllerContext, IDictionary`2 parameters)
   在 System.Web.Mvc.ControllerActionInvoker.InvokeActionMethod(ControllerContext controllerContext, ActionDescriptor actionDescriptor, IDictionary`2 parameters)
   在 System.Web.Mvc.Async.AsyncControllerActionInvoker.<>c.<BeginInvokeSynchronousActionMethod>b__9_0(IAsyncResult asyncResult, ActionInvocation innerInvokeState)
   在 System.Web.Mvc.Async.AsyncResultWrapper.WrappedAsyncResult`2.CallEndDelegate(IAsyncResult asyncResult)
   在 System.Web.Mvc.Async.AsyncResultWrapper.WrappedAsyncResultBase`1.End()
   在 System.Web.Mvc.Async.AsyncControllerActionInvoker.EndInvokeActionMethod(IAsyncResult asyncResult)
   在 System.Web.Mvc.Async.AsyncControllerActionInvoker.AsyncInvocationWithFilters.<InvokeActionMethodFilterAsynchronouslyRecursive>b__11_0()
   在 System.Web.Mvc.Async.AsyncControllerActionInvoker.AsyncInvocationWithFilters.<>c__DisplayClass11_1.<InvokeActionMethodFilterAsynchronouslyRecursive>b__2()
   在 System.Web.Mvc.Async.AsyncControllerActionInvoker.<>c__DisplayClass7_0.<BeginInvokeActionMethodWithFilters>b__1(IAsyncResult asyncResult)
   在 System.Web.Mvc.Async.AsyncResultWrapper.WrappedAsyncResult`1.CallEndDelegate(IAsyncResult asyncResult)
   在 System.Web.Mvc.Async.AsyncResultWrapper.WrappedAsyncResultBase`1.End()
   在 System.Web.Mvc.Async.AsyncControllerActionInvoker.EndInvokeActionMethodWithFilters(IAsyncResult asyncResult)
   在 System.Web.Mvc.Async.AsyncControllerActionInvoker.<>c__DisplayClass3_6.<BeginInvokeAction>b__3()
   在 System.Web.Mvc.Async.AsyncControllerActionInvoker.<>c__DisplayClass3_1.<BeginInvokeAction>b__5(IAsyncResult asyncResult)
2018-11-03 22:36:01,743  EnrolmentPlatform.Project.Client.Admin.Filter.ExceptionFilter : System.NullReferenceException: 未将对象引用设置到对象的实例。
   在 EnrolmentPlatform.Project.Infrastructure.WebApiHelper.GetSignToken(Int32 staffId) 位置 E:\Project\Source\EnrolmentPlatform\API\EnrolmentPlatform.Project.Infrastructure\Net\WebApiHelper.cs:行号 219
   在 EnrolmentPlatform.Project.Infrastructure.WebApiHelper.GetSignature(String timeStamp, String nonce, Int32 staffId) 位置 E:\Project\Source\EnrolmentPlatform\API\EnrolmentPlatform.Project.Infrastructure\Net\WebApiHelper.cs:行号 349
   在 EnrolmentPlatform.Project.Infrastructure.WebApiHelper.<GetAsync>d__5`1.MoveNext() 位置 E:\Project\Source\EnrolmentPlatform\API\EnrolmentPlatform.Project.Infrastructure\Net\WebApiHelper.cs:行号 176
--- 引发异常的上一位置中堆栈跟踪的末尾 ---
   在 System.Runtime.CompilerServices.TaskAwaiter.ThrowForNonSuccess(Task task)
   在 System.Runtime.CompilerServices.TaskAwaiter.HandleNonSuccessAndDebuggerNotification(Task task)
   在 System.Runtime.CompilerServices.TaskAwaiter`1.GetResult()
   在 EnrolmentPlatform.Project.Client.Admin.Controllers.HomeController.<Index>d__0.MoveNext() 位置 E:\Project\Source\EnrolmentPlatform\Web\EnrolmentPlatform.Project.Client.Admin\Controllers\HomeController.cs:行号 27
--- 引发异常的上一位置中堆栈跟踪的末尾 ---
   在 System.Runtime.CompilerServices.TaskAwaiter.ThrowForNonSuccess(Task task)
   在 System.Runtime.CompilerServices.TaskAwaiter.HandleNonSuccessAndDebuggerNotification(Task task)
   在 System.Web.Mvc.Async.TaskAsyncActionDescriptor.EndExecute(IAsyncResult asyncResult)
   在 System.Web.Mvc.Async.AsyncControllerActionInvoker.<>c__DisplayClass8_0.<BeginInvokeAsynchronousActionMethod>b__1(IAsyncResult asyncResult)
   在 System.Web.Mvc.Async.AsyncResultWrapper.WrappedAsyncResult`1.CallEndDelegate(IAsyncResult asyncResult)
   在 System.Web.Mvc.Async.AsyncResultWrapper.WrappedAsyncResultBase`1.End()
   在 System.Web.Mvc.Async.AsyncControllerActionInvoker.EndInvokeActionMethod(IAsyncResult asyncResult)
   在 System.Web.Mvc.Async.AsyncControllerActionInvoker.AsyncInvocationWithFilters.<InvokeActionMethodFilterAsynchronouslyRecursive>b__11_0()
   在 System.Web.Mvc.Async.AsyncControllerActionInvoker.AsyncInvocationWithFilters.<>c__DisplayClass11_1.<InvokeActionMethodFilterAsynchronouslyRecursive>b__2()
   在 System.Web.Mvc.Async.AsyncControllerActionInvoker.AsyncInvocationWithFilters.<>c__DisplayClass11_1.<InvokeActionMethodFilterAsynchronouslyRecursive>b__2()
   在 System.Web.Mvc.Async.AsyncControllerActionInvoker.<>c__DisplayClass7_0.<BeginInvokeActionMethodWithFilters>b__1(IAsyncResult asyncResult)
   在 System.Web.Mvc.Async.AsyncResultWrapper.WrappedAsyncResult`1.CallEndDelegate(IAsyncResult asyncResult)
   在 System.Web.Mvc.Async.AsyncResultWrapper.WrappedAsyncResultBase`1.End()
   在 System.Web.Mvc.Async.AsyncControllerActionInvoker.EndInvokeActionMethodWithFilters(IAsyncResult asyncResult)
   在 System.Web.Mvc.Async.AsyncControllerActionInvoker.<>c__DisplayClass3_6.<BeginInvokeAction>b__3()
   在 System.Web.Mvc.Async.AsyncControllerActionInvoker.<>c__DisplayClass3_1.<BeginInvokeAction>b__5(IAsyncResult asyncResult)
2018-11-03 22:37:41,986  EnrolmentPlatform.Project.Client.Admin.Filter.ExceptionFilter : System.NullReferenceException: 未将对象引用设置到对象的实例。
   在 EnrolmentPlatform.Project.Infrastructure.WebApiHelper.GetSignToken(Int32 staffId) 位置 E:\Project\Source\EnrolmentPlatform\API\EnrolmentPlatform.Project.Infrastructure\Net\WebApiHelper.cs:行号 212
   在 EnrolmentPlatform.Project.Infrastructure.WebApiHelper.GetSignature(String timeStamp, String nonce, Int32 staffId) 位置 E:\Project\Source\EnrolmentPlatform\API\EnrolmentPlatform.Project.Infrastructure\Net\WebApiHelper.cs:行号 349
   在 EnrolmentPlatform.Project.Infrastructure.WebApiHelper.<GetAsync>d__5`1.MoveNext() 位置 E:\Project\Source\EnrolmentPlatform\API\EnrolmentPlatform.Project.Infrastructure\Net\WebApiHelper.cs:行号 176
--- 引发异常的上一位置中堆栈跟踪的末尾 ---
   在 System.Runtime.CompilerServices.TaskAwaiter.ThrowForNonSuccess(Task task)
   在 System.Runtime.CompilerServices.TaskAwaiter.HandleNonSuccessAndDebuggerNotification(Task task)
   在 System.Runtime.CompilerServices.TaskAwaiter`1.GetResult()
   在 EnrolmentPlatform.Project.Client.Admin.Controllers.HomeController.<Index>d__0.MoveNext() 位置 E:\Project\Source\EnrolmentPlatform\Web\EnrolmentPlatform.Project.Client.Admin\Controllers\HomeController.cs:行号 27
--- 引发异常的上一位置中堆栈跟踪的末尾 ---
   在 System.Runtime.CompilerServices.TaskAwaiter.ThrowForNonSuccess(Task task)
   在 System.Runtime.CompilerServices.TaskAwaiter.HandleNonSuccessAndDebuggerNotification(Task task)
   在 System.Web.Mvc.Async.TaskAsyncActionDescriptor.EndExecute(IAsyncResult asyncResult)
   在 System.Web.Mvc.Async.AsyncControllerActionInvoker.<>c__DisplayClass8_0.<BeginInvokeAsynchronousActionMethod>b__1(IAsyncResult asyncResult)
   在 System.Web.Mvc.Async.AsyncResultWrapper.WrappedAsyncResult`1.CallEndDelegate(IAsyncResult asyncResult)
   在 System.Web.Mvc.Async.AsyncResultWrapper.WrappedAsyncResultBase`1.End()
   在 System.Web.Mvc.Async.AsyncControllerActionInvoker.EndInvokeActionMethod(IAsyncResult asyncResult)
   在 System.Web.Mvc.Async.AsyncControllerActionInvoker.AsyncInvocationWithFilters.<InvokeActionMethodFilterAsynchronouslyRecursive>b__11_0()
   在 System.Web.Mvc.Async.AsyncControllerActionInvoker.AsyncInvocationWithFilters.<>c__DisplayClass11_1.<InvokeActionMethodFilterAsynchronouslyRecursive>b__2()
   在 System.Web.Mvc.Async.AsyncControllerActionInvoker.AsyncInvocationWithFilters.<>c__DisplayClass11_1.<InvokeActionMethodFilterAsynchronouslyRecursive>b__2()
   在 System.Web.Mvc.Async.AsyncControllerActionInvoker.<>c__DisplayClass7_0.<BeginInvokeActionMethodWithFilters>b__1(IAsyncResult asyncResult)
   在 System.Web.Mvc.Async.AsyncResultWrapper.WrappedAsyncResult`1.CallEndDelegate(IAsyncResult asyncResult)
   在 System.Web.Mvc.Async.AsyncResultWrapper.WrappedAsyncResultBase`1.End()
   在 System.Web.Mvc.Async.AsyncControllerActionInvoker.EndInvokeActionMethodWithFilters(IAsyncResult asyncResult)
   在 System.Web.Mvc.Async.AsyncControllerActionInvoker.<>c__DisplayClass3_6.<BeginInvokeAction>b__3()
   在 System.Web.Mvc.Async.AsyncControllerActionInvoker.<>c__DisplayClass3_1.<BeginInvokeAction>b__5(IAsyncResult asyncResult)
2018-11-03 22:39:31,954  EnrolmentPlatform.Project.Client.Admin.Filter.ExceptionFilter : System.NullReferenceException: 未将对象引用设置到对象的实例。
   在 EnrolmentPlatform.Project.Infrastructure.WebApiHelper.GetSignToken(Int32 staffId) 位置 E:\Project\Source\EnrolmentPlatform\API\EnrolmentPlatform.Project.Infrastructure\Net\WebApiHelper.cs:行号 219
   在 EnrolmentPlatform.Project.Infrastructure.WebApiHelper.GetSignature(String timeStamp, String nonce, Int32 staffId) 位置 E:\Project\Source\EnrolmentPlatform\API\EnrolmentPlatform.Project.Infrastructure\Net\WebApiHelper.cs:行号 349
   在 EnrolmentPlatform.Project.Infrastructure.WebApiHelper.<GetAsync>d__5`1.MoveNext() 位置 E:\Project\Source\EnrolmentPlatform\API\EnrolmentPlatform.Project.Infrastructure\Net\WebApiHelper.cs:行号 176
--- 引发异常的上一位置中堆栈跟踪的末尾 ---
   在 System.Runtime.CompilerServices.TaskAwaiter.ThrowForNonSuccess(Task task)
   在 System.Runtime.CompilerServices.TaskAwaiter.HandleNonSuccessAndDebuggerNotification(Task task)
   在 System.Runtime.CompilerServices.TaskAwaiter`1.GetResult()
   在 EnrolmentPlatform.Project.Client.Admin.Controllers.HomeController.<Index>d__0.MoveNext() 位置 E:\Project\Source\EnrolmentPlatform\Web\EnrolmentPlatform.Project.Client.Admin\Controllers\HomeController.cs:行号 27
--- 引发异常的上一位置中堆栈跟踪的末尾 ---
   在 System.Runtime.CompilerServices.TaskAwaiter.ThrowForNonSuccess(Task task)
   在 System.Runtime.CompilerServices.TaskAwaiter.HandleNonSuccessAndDebuggerNotification(Task task)
   在 System.Web.Mvc.Async.TaskAsyncActionDescriptor.EndExecute(IAsyncResult asyncResult)
   在 System.Web.Mvc.Async.AsyncControllerActionInvoker.<>c__DisplayClass8_0.<BeginInvokeAsynchronousActionMethod>b__1(IAsyncResult asyncResult)
   在 System.Web.Mvc.Async.AsyncResultWrapper.WrappedAsyncResult`1.CallEndDelegate(IAsyncResult asyncResult)
   在 System.Web.Mvc.Async.AsyncResultWrapper.WrappedAsyncResultBase`1.End()
   在 System.Web.Mvc.Async.AsyncControllerActionInvoker.EndInvokeActionMethod(IAsyncResult asyncResult)
   在 System.Web.Mvc.Async.AsyncControllerActionInvoker.AsyncInvocationWithFilters.<InvokeActionMethodFilterAsynchronouslyRecursive>b__11_0()
   在 System.Web.Mvc.Async.AsyncControllerActionInvoker.AsyncInvocationWithFilters.<>c__DisplayClass11_1.<InvokeActionMethodFilterAsynchronouslyRecursive>b__2()
   在 System.Web.Mvc.Async.AsyncControllerActionInvoker.AsyncInvocationWithFilters.<>c__DisplayClass11_1.<InvokeActionMethodFilterAsynchronouslyRecursive>b__2()
   在 System.Web.Mvc.Async.AsyncControllerActionInvoker.<>c__DisplayClass7_0.<BeginInvokeActionMethodWithFilters>b__1(IAsyncResult asyncResult)
   在 System.Web.Mvc.Async.AsyncResultWrapper.WrappedAsyncResult`1.CallEndDelegate(IAsyncResult asyncResult)
   在 System.Web.Mvc.Async.AsyncResultWrapper.WrappedAsyncResultBase`1.End()
   在 System.Web.Mvc.Async.AsyncControllerActionInvoker.EndInvokeActionMethodWithFilters(IAsyncResult asyncResult)
   在 System.Web.Mvc.Async.AsyncControllerActionInvoker.<>c__DisplayClass3_6.<BeginInvokeAction>b__3()
   在 System.Web.Mvc.Async.AsyncControllerActionInvoker.<>c__DisplayClass3_1.<BeginInvokeAction>b__5(IAsyncResult asyncResult)
2018-11-03 22:49:55,093  EnrolmentPlatform.Project.Client.Admin.Filter.AjaxExceptionFilter : System.Net.WebException: 无法连接到远程服务器 ---> System.Net.Sockets.SocketException: 由于目标计算机积极拒绝，无法连接。 127.0.0.1:9008
   在 System.Net.Sockets.Socket.DoConnect(EndPoint endPointSnapshot, SocketAddress socketAddress)
   在 System.Net.ServicePoint.ConnectSocketInternal(Boolean connectFailure, Socket s4, Socket s6, Socket& socket, IPAddress& address, ConnectSocketState state, IAsyncResult asyncResult, Exception& exception)
   --- 内部异常堆栈跟踪的结尾 ---
   在 System.Net.HttpWebRequest.GetResponse()
   在 EnrolmentPlatform.Project.Infrastructure.WebApiHelper.Get[T](String url, String query, String queryStr, Int32 staffId, Boolean sign) 位置 E:\Project\Source\EnrolmentPlatform\API\EnrolmentPlatform.Project.Infrastructure\Net\WebApiHelper.cs:行号 154
   在 EnrolmentPlatform.Project.Infrastructure.WebApiHelper.GetApiToken(Int32 staffId) 位置 E:\Project\Source\EnrolmentPlatform\API\EnrolmentPlatform.Project.Infrastructure\Net\WebApiHelper.cs:行号 235
   在 EnrolmentPlatform.Project.Infrastructure.WebApiHelper.GetSignToken(Int32 staffId) 位置 E:\Project\Source\EnrolmentPlatform\API\EnrolmentPlatform.Project.Infrastructure\Net\WebApiHelper.cs:行号 218
   在 EnrolmentPlatform.Project.Infrastructure.WebApiHelper.GetSignature(String timeStamp, String nonce, Int32 staffId) 位置 E:\Project\Source\EnrolmentPlatform\API\EnrolmentPlatform.Project.Infrastructure\Net\WebApiHelper.cs:行号 349
   在 EnrolmentPlatform.Project.Infrastructure.WebApiHelper.Post[T](String url, String data, Int32 staffId) 位置 E:\Project\Source\EnrolmentPlatform\API\EnrolmentPlatform.Project.Infrastructure\Net\WebApiHelper.cs:行号 81
   在 EnrolmentPlatform.Project.Client.Admin.Controllers.LoginController.LoginOp(String account, String pwd) 位置 E:\Project\Source\EnrolmentPlatform\Web\EnrolmentPlatform.Project.Client.Admin\Controllers\LoginController.cs:行号 47
   在 lambda_method(Closure , ControllerBase , Object[] )
   在 System.Web.Mvc.ControllerActionInvoker.InvokeActionMethod(ControllerContext controllerContext, ActionDescriptor actionDescriptor, IDictionary`2 parameters)
   在 System.Web.Mvc.Async.AsyncControllerActionInvoker.<>c.<BeginInvokeSynchronousActionMethod>b__9_0(IAsyncResult asyncResult, ActionInvocation innerInvokeState)
   在 System.Web.Mvc.Async.AsyncResultWrapper.WrappedAsyncResult`2.CallEndDelegate(IAsyncResult asyncResult)
   在 System.Web.Mvc.Async.AsyncControllerActionInvoker.EndInvokeActionMethod(IAsyncResult asyncResult)
   在 System.Web.Mvc.Async.AsyncControllerActionInvoker.AsyncInvocationWithFilters.<InvokeActionMethodFilterAsynchronouslyRecursive>b__11_0()
   在 System.Web.Mvc.Async.AsyncControllerActionInvoker.AsyncInvocationWithFilters.<>c__DisplayClass11_1.<InvokeActionMethodFilterAsynchronouslyRecursive>b__2()
   在 System.Web.Mvc.Async.AsyncControllerActionInvoker.EndInvokeActionMethodWithFilters(IAsyncResult asyncResult)
   在 System.Web.Mvc.Async.AsyncControllerActionInvoker.<>c__DisplayClass3_6.<BeginInvokeAction>b__3()
   在 System.Web.Mvc.Async.AsyncControllerActionInvoker.<>c__DisplayClass3_1.<BeginInvokeAction>b__5(IAsyncResult asyncResult)
2018-11-03 22:49:59,327  EnrolmentPlatform.Project.Client.Admin.Filter.AjaxExceptionFilter : System.Net.WebException: 无法连接到远程服务器 ---> System.Net.Sockets.SocketException: 由于目标计算机积极拒绝，无法连接。 127.0.0.1:9008
   在 System.Net.Sockets.Socket.DoConnect(EndPoint endPointSnapshot, SocketAddress socketAddress)
   在 System.Net.ServicePoint.ConnectSocketInternal(Boolean connectFailure, Socket s4, Socket s6, Socket& socket, IPAddress& address, ConnectSocketState state, IAsyncResult asyncResult, Exception& exception)
   --- 内部异常堆栈跟踪的结尾 ---
   在 System.Net.HttpWebRequest.GetResponse()
   在 EnrolmentPlatform.Project.Infrastructure.WebApiHelper.Get[T](String url, String query, String queryStr, Int32 staffId, Boolean sign) 位置 E:\Project\Source\EnrolmentPlatform\API\EnrolmentPlatform.Project.Infrastructure\Net\WebApiHelper.cs:行号 154
   在 EnrolmentPlatform.Project.Infrastructure.WebApiHelper.GetApiToken(Int32 staffId) 位置 E:\Project\Source\EnrolmentPlatform\API\EnrolmentPlatform.Project.Infrastructure\Net\WebApiHelper.cs:行号 235
   在 EnrolmentPlatform.Project.Infrastructure.WebApiHelper.GetSignToken(Int32 staffId) 位置 E:\Project\Source\EnrolmentPlatform\API\EnrolmentPlatform.Project.Infrastructure\Net\WebApiHelper.cs:行号 218
   在 EnrolmentPlatform.Project.Infrastructure.WebApiHelper.GetSignature(String timeStamp, String nonce, Int32 staffId) 位置 E:\Project\Source\EnrolmentPlatform\API\EnrolmentPlatform.Project.Infrastructure\Net\WebApiHelper.cs:行号 349
   在 EnrolmentPlatform.Project.Infrastructure.WebApiHelper.Post[T](String url, String data, Int32 staffId) 位置 E:\Project\Source\EnrolmentPlatform\API\EnrolmentPlatform.Project.Infrastructure\Net\WebApiHelper.cs:行号 81
   在 EnrolmentPlatform.Project.Client.Admin.Controllers.LoginController.LoginOp(String account, String pwd) 位置 E:\Project\Source\EnrolmentPlatform\Web\EnrolmentPlatform.Project.Client.Admin\Controllers\LoginController.cs:行号 47
   在 lambda_method(Closure , ControllerBase , Object[] )
   在 System.Web.Mvc.ControllerActionInvoker.InvokeActionMethod(ControllerContext controllerContext, ActionDescriptor actionDescriptor, IDictionary`2 parameters)
   在 System.Web.Mvc.Async.AsyncControllerActionInvoker.<>c.<BeginInvokeSynchronousActionMethod>b__9_0(IAsyncResult asyncResult, ActionInvocation innerInvokeState)
   在 System.Web.Mvc.Async.AsyncResultWrapper.WrappedAsyncResult`2.CallEndDelegate(IAsyncResult asyncResult)
   在 System.Web.Mvc.Async.AsyncControllerActionInvoker.EndInvokeActionMethod(IAsyncResult asyncResult)
   在 System.Web.Mvc.Async.AsyncControllerActionInvoker.AsyncInvocationWithFilters.<InvokeActionMethodFilterAsynchronouslyRecursive>b__11_0()
   在 System.Web.Mvc.Async.AsyncControllerActionInvoker.AsyncInvocationWithFilters.<>c__DisplayClass11_1.<InvokeActionMethodFilterAsynchronouslyRecursive>b__2()
   在 System.Web.Mvc.Async.AsyncControllerActionInvoker.EndInvokeActionMethodWithFilters(IAsyncResult asyncResult)
   在 System.Web.Mvc.Async.AsyncControllerActionInvoker.<>c__DisplayClass3_6.<BeginInvokeAction>b__3()
   在 System.Web.Mvc.Async.AsyncControllerActionInvoker.<>c__DisplayClass3_1.<BeginInvokeAction>b__5(IAsyncResult asyncResult)
2018-11-03 22:50:01,350  EnrolmentPlatform.Project.Client.Admin.Filter.AjaxExceptionFilter : System.Net.WebException: 无法连接到远程服务器 ---> System.Net.Sockets.SocketException: 由于目标计算机积极拒绝，无法连接。 127.0.0.1:9008
   在 System.Net.Sockets.Socket.DoConnect(EndPoint endPointSnapshot, SocketAddress socketAddress)
   在 System.Net.ServicePoint.ConnectSocketInternal(Boolean connectFailure, Socket s4, Socket s6, Socket& socket, IPAddress& address, ConnectSocketState state, IAsyncResult asyncResult, Exception& exception)
   --- 内部异常堆栈跟踪的结尾 ---
   在 System.Net.HttpWebRequest.GetResponse()
   在 EnrolmentPlatform.Project.Infrastructure.WebApiHelper.Get[T](String url, String query, String queryStr, Int32 staffId, Boolean sign) 位置 E:\Project\Source\EnrolmentPlatform\API\EnrolmentPlatform.Project.Infrastructure\Net\WebApiHelper.cs:行号 154
   在 EnrolmentPlatform.Project.Infrastructure.WebApiHelper.GetApiToken(Int32 staffId) 位置 E:\Project\Source\EnrolmentPlatform\API\EnrolmentPlatform.Project.Infrastructure\Net\WebApiHelper.cs:行号 235
   在 EnrolmentPlatform.Project.Infrastructure.WebApiHelper.GetSignToken(Int32 staffId) 位置 E:\Project\Source\EnrolmentPlatform\API\EnrolmentPlatform.Project.Infrastructure\Net\WebApiHelper.cs:行号 218
   在 EnrolmentPlatform.Project.Infrastructure.WebApiHelper.GetSignature(String timeStamp, String nonce, Int32 staffId) 位置 E:\Project\Source\EnrolmentPlatform\API\EnrolmentPlatform.Project.Infrastructure\Net\WebApiHelper.cs:行号 349
   在 EnrolmentPlatform.Project.Infrastructure.WebApiHelper.Post[T](String url, String data, Int32 staffId) 位置 E:\Project\Source\EnrolmentPlatform\API\EnrolmentPlatform.Project.Infrastructure\Net\WebApiHelper.cs:行号 81
   在 EnrolmentPlatform.Project.Client.Admin.Controllers.LoginController.LoginOp(String account, String pwd) 位置 E:\Project\Source\EnrolmentPlatform\Web\EnrolmentPlatform.Project.Client.Admin\Controllers\LoginController.cs:行号 47
   在 lambda_method(Closure , ControllerBase , Object[] )
   在 System.Web.Mvc.ControllerActionInvoker.InvokeActionMethod(ControllerContext controllerContext, ActionDescriptor actionDescriptor, IDictionary`2 parameters)
   在 System.Web.Mvc.Async.AsyncControllerActionInvoker.<>c.<BeginInvokeSynchronousActionMethod>b__9_0(IAsyncResult asyncResult, ActionInvocation innerInvokeState)
   在 System.Web.Mvc.Async.AsyncResultWrapper.WrappedAsyncResult`2.CallEndDelegate(IAsyncResult asyncResult)
   在 System.Web.Mvc.Async.AsyncControllerActionInvoker.EndInvokeActionMethod(IAsyncResult asyncResult)
   在 System.Web.Mvc.Async.AsyncControllerActionInvoker.AsyncInvocationWithFilters.<InvokeActionMethodFilterAsynchronouslyRecursive>b__11_0()
   在 System.Web.Mvc.Async.AsyncControllerActionInvoker.AsyncInvocationWithFilters.<>c__DisplayClass11_1.<InvokeActionMethodFilterAsynchronouslyRecursive>b__2()
   在 System.Web.Mvc.Async.AsyncControllerActionInvoker.EndInvokeActionMethodWithFilters(IAsyncResult asyncResult)
   在 System.Web.Mvc.Async.AsyncControllerActionInvoker.<>c__DisplayClass3_6.<BeginInvokeAction>b__3()
   在 System.Web.Mvc.Async.AsyncControllerActionInvoker.<>c__DisplayClass3_1.<BeginInvokeAction>b__5(IAsyncResult asyncResult)
2018-11-03 22:50:03,374  EnrolmentPlatform.Project.Client.Admin.Filter.AjaxExceptionFilter : System.Net.WebException: 无法连接到远程服务器 ---> System.Net.Sockets.SocketException: 由于目标计算机积极拒绝，无法连接。 127.0.0.1:9008
   在 System.Net.Sockets.Socket.DoConnect(EndPoint endPointSnapshot, SocketAddress socketAddress)
   在 System.Net.ServicePoint.ConnectSocketInternal(Boolean connectFailure, Socket s4, Socket s6, Socket& socket, IPAddress& address, ConnectSocketState state, IAsyncResult asyncResult, Exception& exception)
   --- 内部异常堆栈跟踪的结尾 ---
   在 System.Net.HttpWebRequest.GetResponse()
   在 EnrolmentPlatform.Project.Infrastructure.WebApiHelper.Get[T](String url, String query, String queryStr, Int32 staffId, Boolean sign) 位置 E:\Project\Source\EnrolmentPlatform\API\EnrolmentPlatform.Project.Infrastructure\Net\WebApiHelper.cs:行号 154
   在 EnrolmentPlatform.Project.Infrastructure.WebApiHelper.GetApiToken(Int32 staffId) 位置 E:\Project\Source\EnrolmentPlatform\API\EnrolmentPlatform.Project.Infrastructure\Net\WebApiHelper.cs:行号 235
   在 EnrolmentPlatform.Project.Infrastructure.WebApiHelper.GetSignToken(Int32 staffId) 位置 E:\Project\Source\EnrolmentPlatform\API\EnrolmentPlatform.Project.Infrastructure\Net\WebApiHelper.cs:行号 218
   在 EnrolmentPlatform.Project.Infrastructure.WebApiHelper.GetSignature(String timeStamp, String nonce, Int32 staffId) 位置 E:\Project\Source\EnrolmentPlatform\API\EnrolmentPlatform.Project.Infrastructure\Net\WebApiHelper.cs:行号 349
   在 EnrolmentPlatform.Project.Infrastructure.WebApiHelper.Post[T](String url, String data, Int32 staffId) 位置 E:\Project\Source\EnrolmentPlatform\API\EnrolmentPlatform.Project.Infrastructure\Net\WebApiHelper.cs:行号 81
   在 EnrolmentPlatform.Project.Client.Admin.Controllers.LoginController.LoginOp(String account, String pwd) 位置 E:\Project\Source\EnrolmentPlatform\Web\EnrolmentPlatform.Project.Client.Admin\Controllers\LoginController.cs:行号 47
   在 lambda_method(Closure , ControllerBase , Object[] )
   在 System.Web.Mvc.ControllerActionInvoker.InvokeActionMethod(ControllerContext controllerContext, ActionDescriptor actionDescriptor, IDictionary`2 parameters)
   在 System.Web.Mvc.Async.AsyncControllerActionInvoker.<>c.<BeginInvokeSynchronousActionMethod>b__9_0(IAsyncResult asyncResult, ActionInvocation innerInvokeState)
   在 System.Web.Mvc.Async.AsyncResultWrapper.WrappedAsyncResult`2.CallEndDelegate(IAsyncResult asyncResult)
   在 System.Web.Mvc.Async.AsyncControllerActionInvoker.EndInvokeActionMethod(IAsyncResult asyncResult)
   在 System.Web.Mvc.Async.AsyncControllerActionInvoker.AsyncInvocationWithFilters.<InvokeActionMethodFilterAsynchronouslyRecursive>b__11_0()
   在 System.Web.Mvc.Async.AsyncControllerActionInvoker.AsyncInvocationWithFilters.<>c__DisplayClass11_1.<InvokeActionMethodFilterAsynchronouslyRecursive>b__2()
   在 System.Web.Mvc.Async.AsyncControllerActionInvoker.EndInvokeActionMethodWithFilters(IAsyncResult asyncResult)
   在 System.Web.Mvc.Async.AsyncControllerActionInvoker.<>c__DisplayClass3_6.<BeginInvokeAction>b__3()
   在 System.Web.Mvc.Async.AsyncControllerActionInvoker.<>c__DisplayClass3_1.<BeginInvokeAction>b__5(IAsyncResult asyncResult)
2018-11-03 22:50:05,395  EnrolmentPlatform.Project.Client.Admin.Filter.AjaxExceptionFilter : System.Net.WebException: 无法连接到远程服务器 ---> System.Net.Sockets.SocketException: 由于目标计算机积极拒绝，无法连接。 127.0.0.1:9008
   在 System.Net.Sockets.Socket.DoConnect(EndPoint endPointSnapshot, SocketAddress socketAddress)
   在 System.Net.ServicePoint.ConnectSocketInternal(Boolean connectFailure, Socket s4, Socket s6, Socket& socket, IPAddress& address, ConnectSocketState state, IAsyncResult asyncResult, Exception& exception)
   --- 内部异常堆栈跟踪的结尾 ---
   在 System.Net.HttpWebRequest.GetResponse()
   在 EnrolmentPlatform.Project.Infrastructure.WebApiHelper.Get[T](String url, String query, String queryStr, Int32 staffId, Boolean sign) 位置 E:\Project\Source\EnrolmentPlatform\API\EnrolmentPlatform.Project.Infrastructure\Net\WebApiHelper.cs:行号 154
   在 EnrolmentPlatform.Project.Infrastructure.WebApiHelper.GetApiToken(Int32 staffId) 位置 E:\Project\Source\EnrolmentPlatform\API\EnrolmentPlatform.Project.Infrastructure\Net\WebApiHelper.cs:行号 235
   在 EnrolmentPlatform.Project.Infrastructure.WebApiHelper.GetSignToken(Int32 staffId) 位置 E:\Project\Source\EnrolmentPlatform\API\EnrolmentPlatform.Project.Infrastructure\Net\WebApiHelper.cs:行号 218
   在 EnrolmentPlatform.Project.Infrastructure.WebApiHelper.GetSignature(String timeStamp, String nonce, Int32 staffId) 位置 E:\Project\Source\EnrolmentPlatform\API\EnrolmentPlatform.Project.Infrastructure\Net\WebApiHelper.cs:行号 349
   在 EnrolmentPlatform.Project.Infrastructure.WebApiHelper.Post[T](String url, String data, Int32 staffId) 位置 E:\Project\Source\EnrolmentPlatform\API\EnrolmentPlatform.Project.Infrastructure\Net\WebApiHelper.cs:行号 81
   在 EnrolmentPlatform.Project.Client.Admin.Controllers.LoginController.LoginOp(String account, String pwd) 位置 E:\Project\Source\EnrolmentPlatform\Web\EnrolmentPlatform.Project.Client.Admin\Controllers\LoginController.cs:行号 47
   在 lambda_method(Closure , ControllerBase , Object[] )
   在 System.Web.Mvc.ControllerActionInvoker.InvokeActionMethod(ControllerContext controllerContext, ActionDescriptor actionDescriptor, IDictionary`2 parameters)
   在 System.Web.Mvc.Async.AsyncControllerActionInvoker.<>c.<BeginInvokeSynchronousActionMethod>b__9_0(IAsyncResult asyncResult, ActionInvocation innerInvokeState)
   在 System.Web.Mvc.Async.AsyncResultWrapper.WrappedAsyncResult`2.CallEndDelegate(IAsyncResult asyncResult)
   在 System.Web.Mvc.Async.AsyncControllerActionInvoker.EndInvokeActionMethod(IAsyncResult asyncResult)
   在 System.Web.Mvc.Async.AsyncControllerActionInvoker.AsyncInvocationWithFilters.<InvokeActionMethodFilterAsynchronouslyRecursive>b__11_0()
   在 System.Web.Mvc.Async.AsyncControllerActionInvoker.AsyncInvocationWithFilters.<>c__DisplayClass11_1.<InvokeActionMethodFilterAsynchronouslyRecursive>b__2()
   在 System.Web.Mvc.Async.AsyncControllerActionInvoker.EndInvokeActionMethodWithFilters(IAsyncResult asyncResult)
   在 System.Web.Mvc.Async.AsyncControllerActionInvoker.<>c__DisplayClass3_6.<BeginInvokeAction>b__3()
   在 System.Web.Mvc.Async.AsyncControllerActionInvoker.<>c__DisplayClass3_1.<BeginInvokeAction>b__5(IAsyncResult asyncResult)
2018-11-03 22:50:07,422  EnrolmentPlatform.Project.Client.Admin.Filter.AjaxExceptionFilter : System.Net.WebException: 无法连接到远程服务器 ---> System.Net.Sockets.SocketException: 由于目标计算机积极拒绝，无法连接。 127.0.0.1:9008
   在 System.Net.Sockets.Socket.DoConnect(EndPoint endPointSnapshot, SocketAddress socketAddress)
   在 System.Net.ServicePoint.ConnectSocketInternal(Boolean connectFailure, Socket s4, Socket s6, Socket& socket, IPAddress& address, ConnectSocketState state, IAsyncResult asyncResult, Exception& exception)
   --- 内部异常堆栈跟踪的结尾 ---
   在 System.Net.HttpWebRequest.GetResponse()
   在 EnrolmentPlatform.Project.Infrastructure.WebApiHelper.Get[T](String url, String query, String queryStr, Int32 staffId, Boolean sign) 位置 E:\Project\Source\EnrolmentPlatform\API\EnrolmentPlatform.Project.Infrastructure\Net\WebApiHelper.cs:行号 154
   在 EnrolmentPlatform.Project.Infrastructure.WebApiHelper.GetApiToken(Int32 staffId) 位置 E:\Project\Source\EnrolmentPlatform\API\EnrolmentPlatform.Project.Infrastructure\Net\WebApiHelper.cs:行号 235
   在 EnrolmentPlatform.Project.Infrastructure.WebApiHelper.GetSignToken(Int32 staffId) 位置 E:\Project\Source\EnrolmentPlatform\API\EnrolmentPlatform.Project.Infrastructure\Net\WebApiHelper.cs:行号 218
   在 EnrolmentPlatform.Project.Infrastructure.WebApiHelper.GetSignature(String timeStamp, String nonce, Int32 staffId) 位置 E:\Project\Source\EnrolmentPlatform\API\EnrolmentPlatform.Project.Infrastructure\Net\WebApiHelper.cs:行号 349
   在 EnrolmentPlatform.Project.Infrastructure.WebApiHelper.Post[T](String url, String data, Int32 staffId) 位置 E:\Project\Source\EnrolmentPlatform\API\EnrolmentPlatform.Project.Infrastructure\Net\WebApiHelper.cs:行号 81
   在 EnrolmentPlatform.Project.Client.Admin.Controllers.LoginController.LoginOp(String account, String pwd) 位置 E:\Project\Source\EnrolmentPlatform\Web\EnrolmentPlatform.Project.Client.Admin\Controllers\LoginController.cs:行号 47
   在 lambda_method(Closure , ControllerBase , Object[] )
   在 System.Web.Mvc.ControllerActionInvoker.InvokeActionMethod(ControllerContext controllerContext, ActionDescriptor actionDescriptor, IDictionary`2 parameters)
   在 System.Web.Mvc.Async.AsyncControllerActionInvoker.<>c.<BeginInvokeSynchronousActionMethod>b__9_0(IAsyncResult asyncResult, ActionInvocation innerInvokeState)
   在 System.Web.Mvc.Async.AsyncResultWrapper.WrappedAsyncResult`2.CallEndDelegate(IAsyncResult asyncResult)
   在 System.Web.Mvc.Async.AsyncControllerActionInvoker.EndInvokeActionMethod(IAsyncResult asyncResult)
   在 System.Web.Mvc.Async.AsyncControllerActionInvoker.AsyncInvocationWithFilters.<InvokeActionMethodFilterAsynchronouslyRecursive>b__11_0()
   在 System.Web.Mvc.Async.AsyncControllerActionInvoker.AsyncInvocationWithFilters.<>c__DisplayClass11_1.<InvokeActionMethodFilterAsynchronouslyRecursive>b__2()
   在 System.Web.Mvc.Async.AsyncControllerActionInvoker.EndInvokeActionMethodWithFilters(IAsyncResult asyncResult)
   在 System.Web.Mvc.Async.AsyncControllerActionInvoker.<>c__DisplayClass3_6.<BeginInvokeAction>b__3()
   在 System.Web.Mvc.Async.AsyncControllerActionInvoker.<>c__DisplayClass3_1.<BeginInvokeAction>b__5(IAsyncResult asyncResult)
2018-11-03 22:50:09,465  EnrolmentPlatform.Project.Client.Admin.Filter.AjaxExceptionFilter : System.Net.WebException: 无法连接到远程服务器 ---> System.Net.Sockets.SocketException: 由于目标计算机积极拒绝，无法连接。 127.0.0.1:9008
   在 System.Net.Sockets.Socket.DoConnect(EndPoint endPointSnapshot, SocketAddress socketAddress)
   在 System.Net.ServicePoint.ConnectSocketInternal(Boolean connectFailure, Socket s4, Socket s6, Socket& socket, IPAddress& address, ConnectSocketState state, IAsyncResult asyncResult, Exception& exception)
   --- 内部异常堆栈跟踪的结尾 ---
   在 System.Net.HttpWebRequest.GetResponse()
   在 EnrolmentPlatform.Project.Infrastructure.WebApiHelper.Get[T](String url, String query, String queryStr, Int32 staffId, Boolean sign) 位置 E:\Project\Source\EnrolmentPlatform\API\EnrolmentPlatform.Project.Infrastructure\Net\WebApiHelper.cs:行号 154
   在 EnrolmentPlatform.Project.Infrastructure.WebApiHelper.GetApiToken(Int32 staffId) 位置 E:\Project\Source\EnrolmentPlatform\API\EnrolmentPlatform.Project.Infrastructure\Net\WebApiHelper.cs:行号 235
   在 EnrolmentPlatform.Project.Infrastructure.WebApiHelper.GetSignToken(Int32 staffId) 位置 E:\Project\Source\EnrolmentPlatform\API\EnrolmentPlatform.Project.Infrastructure\Net\WebApiHelper.cs:行号 218
   在 EnrolmentPlatform.Project.Infrastructure.WebApiHelper.GetSignature(String timeStamp, String nonce, Int32 staffId) 位置 E:\Project\Source\EnrolmentPlatform\API\EnrolmentPlatform.Project.Infrastructure\Net\WebApiHelper.cs:行号 349
   在 EnrolmentPlatform.Project.Infrastructure.WebApiHelper.Post[T](String url, String data, Int32 staffId) 位置 E:\Project\Source\EnrolmentPlatform\API\EnrolmentPlatform.Project.Infrastructure\Net\WebApiHelper.cs:行号 81
   在 EnrolmentPlatform.Project.Client.Admin.Controllers.LoginController.LoginOp(String account, String pwd) 位置 E:\Project\Source\EnrolmentPlatform\Web\EnrolmentPlatform.Project.Client.Admin\Controllers\LoginController.cs:行号 47
   在 lambda_method(Closure , ControllerBase , Object[] )
   在 System.Web.Mvc.ControllerActionInvoker.InvokeActionMethod(ControllerContext controllerContext, ActionDescriptor actionDescriptor, IDictionary`2 parameters)
   在 System.Web.Mvc.Async.AsyncControllerActionInvoker.<>c.<BeginInvokeSynchronousActionMethod>b__9_0(IAsyncResult asyncResult, ActionInvocation innerInvokeState)
   在 System.Web.Mvc.Async.AsyncResultWrapper.WrappedAsyncResult`2.CallEndDelegate(IAsyncResult asyncResult)
   在 System.Web.Mvc.Async.AsyncControllerActionInvoker.EndInvokeActionMethod(IAsyncResult asyncResult)
   在 System.Web.Mvc.Async.AsyncControllerActionInvoker.AsyncInvocationWithFilters.<InvokeActionMethodFilterAsynchronouslyRecursive>b__11_0()
   在 System.Web.Mvc.Async.AsyncControllerActionInvoker.AsyncInvocationWithFilters.<>c__DisplayClass11_1.<InvokeActionMethodFilterAsynchronouslyRecursive>b__2()
   在 System.Web.Mvc.Async.AsyncControllerActionInvoker.EndInvokeActionMethodWithFilters(IAsyncResult asyncResult)
   在 System.Web.Mvc.Async.AsyncControllerActionInvoker.<>c__DisplayClass3_6.<BeginInvokeAction>b__3()
   在 System.Web.Mvc.Async.AsyncControllerActionInvoker.<>c__DisplayClass3_1.<BeginInvokeAction>b__5(IAsyncResult asyncResult)
2018-11-03 22:50:16,635  EnrolmentPlatform.Project.Client.Admin.Filter.AjaxExceptionFilter : System.Net.WebException: 无法连接到远程服务器 ---> System.Net.Sockets.SocketException: 由于目标计算机积极拒绝，无法连接。 127.0.0.1:9008
   在 System.Net.Sockets.Socket.DoConnect(EndPoint endPointSnapshot, SocketAddress socketAddress)
   在 System.Net.ServicePoint.ConnectSocketInternal(Boolean connectFailure, Socket s4, Socket s6, Socket& socket, IPAddress& address, ConnectSocketState state, IAsyncResult asyncResult, Exception& exception)
   --- 内部异常堆栈跟踪的结尾 ---
   在 System.Net.HttpWebRequest.GetResponse()
   在 EnrolmentPlatform.Project.Infrastructure.WebApiHelper.Get[T](String url, String query, String queryStr, Int32 staffId, Boolean sign) 位置 E:\Project\Source\EnrolmentPlatform\API\EnrolmentPlatform.Project.Infrastructure\Net\WebApiHelper.cs:行号 154
   在 EnrolmentPlatform.Project.Infrastructure.WebApiHelper.GetApiToken(Int32 staffId) 位置 E:\Project\Source\EnrolmentPlatform\API\EnrolmentPlatform.Project.Infrastructure\Net\WebApiHelper.cs:行号 235
   在 EnrolmentPlatform.Project.Infrastructure.WebApiHelper.GetSignToken(Int32 staffId) 位置 E:\Project\Source\EnrolmentPlatform\API\EnrolmentPlatform.Project.Infrastructure\Net\WebApiHelper.cs:行号 218
   在 EnrolmentPlatform.Project.Infrastructure.WebApiHelper.GetSignature(String timeStamp, String nonce, Int32 staffId) 位置 E:\Project\Source\EnrolmentPlatform\API\EnrolmentPlatform.Project.Infrastructure\Net\WebApiHelper.cs:行号 349
   在 EnrolmentPlatform.Project.Infrastructure.WebApiHelper.Post[T](String url, String data, Int32 staffId) 位置 E:\Project\Source\EnrolmentPlatform\API\EnrolmentPlatform.Project.Infrastructure\Net\WebApiHelper.cs:行号 81
   在 EnrolmentPlatform.Project.Client.Admin.Controllers.LoginController.LoginOp(String account, String pwd) 位置 E:\Project\Source\EnrolmentPlatform\Web\EnrolmentPlatform.Project.Client.Admin\Controllers\LoginController.cs:行号 47
   在 lambda_method(Closure , ControllerBase , Object[] )
   在 System.Web.Mvc.ControllerActionInvoker.InvokeActionMethod(ControllerContext controllerContext, ActionDescriptor actionDescriptor, IDictionary`2 parameters)
   在 System.Web.Mvc.Async.AsyncControllerActionInvoker.<>c.<BeginInvokeSynchronousActionMethod>b__9_0(IAsyncResult asyncResult, ActionInvocation innerInvokeState)
   在 System.Web.Mvc.Async.AsyncResultWrapper.WrappedAsyncResult`2.CallEndDelegate(IAsyncResult asyncResult)
   在 System.Web.Mvc.Async.AsyncControllerActionInvoker.EndInvokeActionMethod(IAsyncResult asyncResult)
   在 System.Web.Mvc.Async.AsyncControllerActionInvoker.AsyncInvocationWithFilters.<InvokeActionMethodFilterAsynchronouslyRecursive>b__11_0()
   在 System.Web.Mvc.Async.AsyncControllerActionInvoker.AsyncInvocationWithFilters.<>c__DisplayClass11_1.<InvokeActionMethodFilterAsynchronouslyRecursive>b__2()
   在 System.Web.Mvc.Async.AsyncControllerActionInvoker.EndInvokeActionMethodWithFilters(IAsyncResult asyncResult)
   在 System.Web.Mvc.Async.AsyncControllerActionInvoker.<>c__DisplayClass3_6.<BeginInvokeAction>b__3()
   在 System.Web.Mvc.Async.AsyncControllerActionInvoker.<>c__DisplayClass3_1.<BeginInvokeAction>b__5(IAsyncResult asyncResult)
2018-11-03 22:50:18,667  EnrolmentPlatform.Project.Client.Admin.Filter.AjaxExceptionFilter : System.Net.WebException: 无法连接到远程服务器 ---> System.Net.Sockets.SocketException: 由于目标计算机积极拒绝，无法连接。 127.0.0.1:9008
   在 System.Net.Sockets.Socket.DoConnect(EndPoint endPointSnapshot, SocketAddress socketAddress)
   在 System.Net.ServicePoint.ConnectSocketInternal(Boolean connectFailure, Socket s4, Socket s6, Socket& socket, IPAddress& address, ConnectSocketState state, IAsyncResult asyncResult, Exception& exception)
   --- 内部异常堆栈跟踪的结尾 ---
   在 System.Net.HttpWebRequest.GetResponse()
   在 EnrolmentPlatform.Project.Infrastructure.WebApiHelper.Get[T](String url, String query, String queryStr, Int32 staffId, Boolean sign) 位置 E:\Project\Source\EnrolmentPlatform\API\EnrolmentPlatform.Project.Infrastructure\Net\WebApiHelper.cs:行号 154
   在 EnrolmentPlatform.Project.Infrastructure.WebApiHelper.GetApiToken(Int32 staffId) 位置 E:\Project\Source\EnrolmentPlatform\API\EnrolmentPlatform.Project.Infrastructure\Net\WebApiHelper.cs:行号 235
   在 EnrolmentPlatform.Project.Infrastructure.WebApiHelper.GetSignToken(Int32 staffId) 位置 E:\Project\Source\EnrolmentPlatform\API\EnrolmentPlatform.Project.Infrastructure\Net\WebApiHelper.cs:行号 218
   在 EnrolmentPlatform.Project.Infrastructure.WebApiHelper.GetSignature(String timeStamp, String nonce, Int32 staffId) 位置 E:\Project\Source\EnrolmentPlatform\API\EnrolmentPlatform.Project.Infrastructure\Net\WebApiHelper.cs:行号 349
   在 EnrolmentPlatform.Project.Infrastructure.WebApiHelper.Post[T](String url, String data, Int32 staffId) 位置 E:\Project\Source\EnrolmentPlatform\API\EnrolmentPlatform.Project.Infrastructure\Net\WebApiHelper.cs:行号 81
   在 EnrolmentPlatform.Project.Client.Admin.Controllers.LoginController.LoginOp(String account, String pwd) 位置 E:\Project\Source\EnrolmentPlatform\Web\EnrolmentPlatform.Project.Client.Admin\Controllers\LoginController.cs:行号 47
   在 lambda_method(Closure , ControllerBase , Object[] )
   在 System.Web.Mvc.ControllerActionInvoker.InvokeActionMethod(ControllerContext controllerContext, ActionDescriptor actionDescriptor, IDictionary`2 parameters)
   在 System.Web.Mvc.Async.AsyncControllerActionInvoker.<>c.<BeginInvokeSynchronousActionMethod>b__9_0(IAsyncResult asyncResult, ActionInvocation innerInvokeState)
   在 System.Web.Mvc.Async.AsyncResultWrapper.WrappedAsyncResult`2.CallEndDelegate(IAsyncResult asyncResult)
   在 System.Web.Mvc.Async.AsyncControllerActionInvoker.EndInvokeActionMethod(IAsyncResult asyncResult)
   在 System.Web.Mvc.Async.AsyncControllerActionInvoker.AsyncInvocationWithFilters.<InvokeActionMethodFilterAsynchronouslyRecursive>b__11_0()
   在 System.Web.Mvc.Async.AsyncControllerActionInvoker.AsyncInvocationWithFilters.<>c__DisplayClass11_1.<InvokeActionMethodFilterAsynchronouslyRecursive>b__2()
   在 System.Web.Mvc.Async.AsyncControllerActionInvoker.EndInvokeActionMethodWithFilters(IAsyncResult asyncResult)
   在 System.Web.Mvc.Async.AsyncControllerActionInvoker.<>c__DisplayClass3_6.<BeginInvokeAction>b__3()
   在 System.Web.Mvc.Async.AsyncControllerActionInvoker.<>c__DisplayClass3_1.<BeginInvokeAction>b__5(IAsyncResult asyncResult)
2018-11-03 22:56:00,393  EnrolmentPlatform.Project.Client.Admin.Filter.AjaxExceptionFilter : System.Net.WebException: 无法连接到远程服务器 ---> System.Net.Sockets.SocketException: 由于目标计算机积极拒绝，无法连接。 127.0.0.1:9008
   在 System.Net.Sockets.Socket.DoConnect(EndPoint endPointSnapshot, SocketAddress socketAddress)
   在 System.Net.ServicePoint.ConnectSocketInternal(Boolean connectFailure, Socket s4, Socket s6, Socket& socket, IPAddress& address, ConnectSocketState state, IAsyncResult asyncResult, Exception& exception)
   --- 内部异常堆栈跟踪的结尾 ---
   在 System.Net.HttpWebRequest.GetResponse()
   在 EnrolmentPlatform.Project.Infrastructure.WebApiHelper.Get[T](String url, String query, String queryStr, Int32 staffId, Boolean sign) 位置 E:\Project\Source\EnrolmentPlatform\API\EnrolmentPlatform.Project.Infrastructure\Net\WebApiHelper.cs:行号 154
   在 EnrolmentPlatform.Project.Infrastructure.WebApiHelper.GetApiToken(Int32 staffId) 位置 E:\Project\Source\EnrolmentPlatform\API\EnrolmentPlatform.Project.Infrastructure\Net\WebApiHelper.cs:行号 235
   在 EnrolmentPlatform.Project.Infrastructure.WebApiHelper.GetSignToken(Int32 staffId) 位置 E:\Project\Source\EnrolmentPlatform\API\EnrolmentPlatform.Project.Infrastructure\Net\WebApiHelper.cs:行号 218
   在 EnrolmentPlatform.Project.Infrastructure.WebApiHelper.GetSignature(String timeStamp, String nonce, Int32 staffId) 位置 E:\Project\Source\EnrolmentPlatform\API\EnrolmentPlatform.Project.Infrastructure\Net\WebApiHelper.cs:行号 349
   在 EnrolmentPlatform.Project.Infrastructure.WebApiHelper.Post[T](String url, String data, Int32 staffId) 位置 E:\Project\Source\EnrolmentPlatform\API\EnrolmentPlatform.Project.Infrastructure\Net\WebApiHelper.cs:行号 81
   在 EnrolmentPlatform.Project.Client.Admin.Controllers.LoginController.LoginOp(String account, String pwd) 位置 E:\Project\Source\EnrolmentPlatform\Web\EnrolmentPlatform.Project.Client.Admin\Controllers\LoginController.cs:行号 47
   在 lambda_method(Closure , ControllerBase , Object[] )
   在 System.Web.Mvc.ControllerActionInvoker.InvokeActionMethod(ControllerContext controllerContext, ActionDescriptor actionDescriptor, IDictionary`2 parameters)
   在 System.Web.Mvc.Async.AsyncControllerActionInvoker.<>c.<BeginInvokeSynchronousActionMethod>b__9_0(IAsyncResult asyncResult, ActionInvocation innerInvokeState)
   在 System.Web.Mvc.Async.AsyncResultWrapper.WrappedAsyncResult`2.CallEndDelegate(IAsyncResult asyncResult)
   在 System.Web.Mvc.Async.AsyncControllerActionInvoker.EndInvokeActionMethod(IAsyncResult asyncResult)
   在 System.Web.Mvc.Async.AsyncControllerActionInvoker.AsyncInvocationWithFilters.<InvokeActionMethodFilterAsynchronouslyRecursive>b__11_0()
   在 System.Web.Mvc.Async.AsyncControllerActionInvoker.AsyncInvocationWithFilters.<>c__DisplayClass11_1.<InvokeActionMethodFilterAsynchronouslyRecursive>b__2()
   在 System.Web.Mvc.Async.AsyncControllerActionInvoker.EndInvokeActionMethodWithFilters(IAsyncResult asyncResult)
   在 System.Web.Mvc.Async.AsyncControllerActionInvoker.<>c__DisplayClass3_6.<BeginInvokeAction>b__3()
   在 System.Web.Mvc.Async.AsyncControllerActionInvoker.<>c__DisplayClass3_1.<BeginInvokeAction>b__5(IAsyncResult asyncResult)
2018-11-03 22:56:33,447  EnrolmentPlatform.Project.Client.Admin.Filter.AjaxExceptionFilter : System.Net.WebException: 无法连接到远程服务器 ---> System.Net.Sockets.SocketException: 由于目标计算机积极拒绝，无法连接。 127.0.0.1:9008
   在 System.Net.Sockets.Socket.DoConnect(EndPoint endPointSnapshot, SocketAddress socketAddress)
   在 System.Net.ServicePoint.ConnectSocketInternal(Boolean connectFailure, Socket s4, Socket s6, Socket& socket, IPAddress& address, ConnectSocketState state, IAsyncResult asyncResult, Exception& exception)
   --- 内部异常堆栈跟踪的结尾 ---
   在 System.Net.HttpWebRequest.GetResponse()
   在 EnrolmentPlatform.Project.Infrastructure.WebApiHelper.Get[T](String url, String query, String queryStr, Int32 staffId, Boolean sign) 位置 E:\Project\Source\EnrolmentPlatform\API\EnrolmentPlatform.Project.Infrastructure\Net\WebApiHelper.cs:行号 154
   在 EnrolmentPlatform.Project.Infrastructure.WebApiHelper.GetApiToken(Int32 staffId) 位置 E:\Project\Source\EnrolmentPlatform\API\EnrolmentPlatform.Project.Infrastructure\Net\WebApiHelper.cs:行号 235
   在 EnrolmentPlatform.Project.Infrastructure.WebApiHelper.GetSignToken(Int32 staffId) 位置 E:\Project\Source\EnrolmentPlatform\API\EnrolmentPlatform.Project.Infrastructure\Net\WebApiHelper.cs:行号 218
   在 EnrolmentPlatform.Project.Infrastructure.WebApiHelper.GetSignature(String timeStamp, String nonce, Int32 staffId) 位置 E:\Project\Source\EnrolmentPlatform\API\EnrolmentPlatform.Project.Infrastructure\Net\WebApiHelper.cs:行号 349
   在 EnrolmentPlatform.Project.Infrastructure.WebApiHelper.Post[T](String url, String data, Int32 staffId) 位置 E:\Project\Source\EnrolmentPlatform\API\EnrolmentPlatform.Project.Infrastructure\Net\WebApiHelper.cs:行号 81
   在 EnrolmentPlatform.Project.Client.Admin.Controllers.LoginController.LoginOp(String account, String pwd) 位置 E:\Project\Source\EnrolmentPlatform\Web\EnrolmentPlatform.Project.Client.Admin\Controllers\LoginController.cs:行号 47
   在 lambda_method(Closure , ControllerBase , Object[] )
   在 System.Web.Mvc.ControllerActionInvoker.InvokeActionMethod(ControllerContext controllerContext, ActionDescriptor actionDescriptor, IDictionary`2 parameters)
   在 System.Web.Mvc.Async.AsyncControllerActionInvoker.<>c.<BeginInvokeSynchronousActionMethod>b__9_0(IAsyncResult asyncResult, ActionInvocation innerInvokeState)
   在 System.Web.Mvc.Async.AsyncResultWrapper.WrappedAsyncResult`2.CallEndDelegate(IAsyncResult asyncResult)
   在 System.Web.Mvc.Async.AsyncControllerActionInvoker.EndInvokeActionMethod(IAsyncResult asyncResult)
   在 System.Web.Mvc.Async.AsyncControllerActionInvoker.AsyncInvocationWithFilters.<InvokeActionMethodFilterAsynchronouslyRecursive>b__11_0()
   在 System.Web.Mvc.Async.AsyncControllerActionInvoker.AsyncInvocationWithFilters.<>c__DisplayClass11_1.<InvokeActionMethodFilterAsynchronouslyRecursive>b__2()
   在 System.Web.Mvc.Async.AsyncControllerActionInvoker.EndInvokeActionMethodWithFilters(IAsyncResult asyncResult)
   在 System.Web.Mvc.Async.AsyncControllerActionInvoker.<>c__DisplayClass3_6.<BeginInvokeAction>b__3()
   在 System.Web.Mvc.Async.AsyncControllerActionInvoker.<>c__DisplayClass3_1.<BeginInvokeAction>b__5(IAsyncResult asyncResult)
2018-11-03 22:57:01,407  EnrolmentPlatform.Project.Client.Admin.Filter.AjaxExceptionFilter : System.Net.WebException: 无法连接到远程服务器 ---> System.Net.Sockets.SocketException: 由于目标计算机积极拒绝，无法连接。 127.0.0.1:9008
   在 System.Net.Sockets.Socket.DoConnect(EndPoint endPointSnapshot, SocketAddress socketAddress)
   在 System.Net.ServicePoint.ConnectSocketInternal(Boolean connectFailure, Socket s4, Socket s6, Socket& socket, IPAddress& address, ConnectSocketState state, IAsyncResult asyncResult, Exception& exception)
   --- 内部异常堆栈跟踪的结尾 ---
   在 System.Net.HttpWebRequest.GetResponse()
   在 EnrolmentPlatform.Project.Infrastructure.WebApiHelper.Get[T](String url, String query, String queryStr, Int32 staffId, Boolean sign) 位置 E:\Project\Source\EnrolmentPlatform\API\EnrolmentPlatform.Project.Infrastructure\Net\WebApiHelper.cs:行号 154
   在 EnrolmentPlatform.Project.Infrastructure.WebApiHelper.GetApiToken(Int32 staffId) 位置 E:\Project\Source\EnrolmentPlatform\API\EnrolmentPlatform.Project.Infrastructure\Net\WebApiHelper.cs:行号 235
   在 EnrolmentPlatform.Project.Infrastructure.WebApiHelper.GetSignToken(Int32 staffId) 位置 E:\Project\Source\EnrolmentPlatform\API\EnrolmentPlatform.Project.Infrastructure\Net\WebApiHelper.cs:行号 218
   在 EnrolmentPlatform.Project.Infrastructure.WebApiHelper.GetSignature(String timeStamp, String nonce, Int32 staffId) 位置 E:\Project\Source\EnrolmentPlatform\API\EnrolmentPlatform.Project.Infrastructure\Net\WebApiHelper.cs:行号 349
   在 EnrolmentPlatform.Project.Infrastructure.WebApiHelper.Post[T](String url, String data, Int32 staffId) 位置 E:\Project\Source\EnrolmentPlatform\API\EnrolmentPlatform.Project.Infrastructure\Net\WebApiHelper.cs:行号 81
   在 EnrolmentPlatform.Project.Client.Admin.Controllers.LoginController.LoginOp(String account, String pwd) 位置 E:\Project\Source\EnrolmentPlatform\Web\EnrolmentPlatform.Project.Client.Admin\Controllers\LoginController.cs:行号 47
   在 lambda_method(Closure , ControllerBase , Object[] )
   在 System.Web.Mvc.ControllerActionInvoker.InvokeActionMethod(ControllerContext controllerContext, ActionDescriptor actionDescriptor, IDictionary`2 parameters)
   在 System.Web.Mvc.Async.AsyncControllerActionInvoker.<>c.<BeginInvokeSynchronousActionMethod>b__9_0(IAsyncResult asyncResult, ActionInvocation innerInvokeState)
   在 System.Web.Mvc.Async.AsyncResultWrapper.WrappedAsyncResult`2.CallEndDelegate(IAsyncResult asyncResult)
   在 System.Web.Mvc.Async.AsyncControllerActionInvoker.EndInvokeActionMethod(IAsyncResult asyncResult)
   在 System.Web.Mvc.Async.AsyncControllerActionInvoker.AsyncInvocationWithFilters.<InvokeActionMethodFilterAsynchronouslyRecursive>b__11_0()
   在 System.Web.Mvc.Async.AsyncControllerActionInvoker.AsyncInvocationWithFilters.<>c__DisplayClass11_1.<InvokeActionMethodFilterAsynchronouslyRecursive>b__2()
   在 System.Web.Mvc.Async.AsyncControllerActionInvoker.EndInvokeActionMethodWithFilters(IAsyncResult asyncResult)
   在 System.Web.Mvc.Async.AsyncControllerActionInvoker.<>c__DisplayClass3_6.<BeginInvokeAction>b__3()
   在 System.Web.Mvc.Async.AsyncControllerActionInvoker.<>c__DisplayClass3_1.<BeginInvokeAction>b__5(IAsyncResult asyncResult)
2018-11-03 22:57:38,015  EnrolmentPlatform.Project.Client.Admin.Filter.AjaxExceptionFilter : System.Net.WebException: 无法连接到远程服务器 ---> System.Net.Sockets.SocketException: 由于目标计算机积极拒绝，无法连接。 127.0.0.1:9008
   在 System.Net.Sockets.Socket.DoConnect(EndPoint endPointSnapshot, SocketAddress socketAddress)
   在 System.Net.ServicePoint.ConnectSocketInternal(Boolean connectFailure, Socket s4, Socket s6, Socket& socket, IPAddress& address, ConnectSocketState state, IAsyncResult asyncResult, Exception& exception)
   --- 内部异常堆栈跟踪的结尾 ---
   在 System.Net.HttpWebRequest.GetResponse()
   在 EnrolmentPlatform.Project.Infrastructure.WebApiHelper.Get[T](String url, String query, String queryStr, Int32 staffId, Boolean sign) 位置 E:\Project\Source\EnrolmentPlatform\API\EnrolmentPlatform.Project.Infrastructure\Net\WebApiHelper.cs:行号 154
   在 EnrolmentPlatform.Project.Infrastructure.WebApiHelper.GetApiToken(Int32 staffId) 位置 E:\Project\Source\EnrolmentPlatform\API\EnrolmentPlatform.Project.Infrastructure\Net\WebApiHelper.cs:行号 235
   在 EnrolmentPlatform.Project.Infrastructure.WebApiHelper.GetSignToken(Int32 staffId) 位置 E:\Project\Source\EnrolmentPlatform\API\EnrolmentPlatform.Project.Infrastructure\Net\WebApiHelper.cs:行号 218
   在 EnrolmentPlatform.Project.Infrastructure.WebApiHelper.GetSignature(String timeStamp, String nonce, Int32 staffId) 位置 E:\Project\Source\EnrolmentPlatform\API\EnrolmentPlatform.Project.Infrastructure\Net\WebApiHelper.cs:行号 349
   在 EnrolmentPlatform.Project.Infrastructure.WebApiHelper.Post[T](String url, String data, Int32 staffId) 位置 E:\Project\Source\EnrolmentPlatform\API\EnrolmentPlatform.Project.Infrastructure\Net\WebApiHelper.cs:行号 81
   在 EnrolmentPlatform.Project.Client.Admin.Controllers.LoginController.LoginOp(String account, String pwd) 位置 E:\Project\Source\EnrolmentPlatform\Web\EnrolmentPlatform.Project.Client.Admin\Controllers\LoginController.cs:行号 47
   在 lambda_method(Closure , ControllerBase , Object[] )
   在 System.Web.Mvc.ControllerActionInvoker.InvokeActionMethod(ControllerContext controllerContext, ActionDescriptor actionDescriptor, IDictionary`2 parameters)
   在 System.Web.Mvc.Async.AsyncControllerActionInvoker.<>c.<BeginInvokeSynchronousActionMethod>b__9_0(IAsyncResult asyncResult, ActionInvocation innerInvokeState)
   在 System.Web.Mvc.Async.AsyncResultWrapper.WrappedAsyncResult`2.CallEndDelegate(IAsyncResult asyncResult)
   在 System.Web.Mvc.Async.AsyncControllerActionInvoker.EndInvokeActionMethod(IAsyncResult asyncResult)
   在 System.Web.Mvc.Async.AsyncControllerActionInvoker.AsyncInvocationWithFilters.<InvokeActionMethodFilterAsynchronouslyRecursive>b__11_0()
   在 System.Web.Mvc.Async.AsyncControllerActionInvoker.AsyncInvocationWithFilters.<>c__DisplayClass11_1.<InvokeActionMethodFilterAsynchronouslyRecursive>b__2()
   在 System.Web.Mvc.Async.AsyncControllerActionInvoker.EndInvokeActionMethodWithFilters(IAsyncResult asyncResult)
   在 System.Web.Mvc.Async.AsyncControllerActionInvoker.<>c__DisplayClass3_6.<BeginInvokeAction>b__3()
   在 System.Web.Mvc.Async.AsyncControllerActionInvoker.<>c__DisplayClass3_1.<BeginInvokeAction>b__5(IAsyncResult asyncResult)
2018-11-03 22:58:03,900  EnrolmentPlatform.Project.Client.Admin.Filter.AjaxExceptionFilter : System.Net.WebException: 无法连接到远程服务器 ---> System.Net.Sockets.SocketException: 由于目标计算机积极拒绝，无法连接。 127.0.0.1:9008
   在 System.Net.Sockets.Socket.DoConnect(EndPoint endPointSnapshot, SocketAddress socketAddress)
   在 System.Net.ServicePoint.ConnectSocketInternal(Boolean connectFailure, Socket s4, Socket s6, Socket& socket, IPAddress& address, ConnectSocketState state, IAsyncResult asyncResult, Exception& exception)
   --- 内部异常堆栈跟踪的结尾 ---
   在 System.Net.HttpWebRequest.GetResponse()
   在 EnrolmentPlatform.Project.Infrastructure.WebApiHelper.Get[T](String url, String query, String queryStr, Int32 staffId, Boolean sign) 位置 E:\Project\Source\EnrolmentPlatform\API\EnrolmentPlatform.Project.Infrastructure\Net\WebApiHelper.cs:行号 154
   在 EnrolmentPlatform.Project.Infrastructure.WebApiHelper.GetApiToken(Int32 staffId) 位置 E:\Project\Source\EnrolmentPlatform\API\EnrolmentPlatform.Project.Infrastructure\Net\WebApiHelper.cs:行号 235
   在 EnrolmentPlatform.Project.Infrastructure.WebApiHelper.GetSignToken(Int32 staffId) 位置 E:\Project\Source\EnrolmentPlatform\API\EnrolmentPlatform.Project.Infrastructure\Net\WebApiHelper.cs:行号 218
   在 EnrolmentPlatform.Project.Infrastructure.WebApiHelper.GetSignature(String timeStamp, String nonce, Int32 staffId) 位置 E:\Project\Source\EnrolmentPlatform\API\EnrolmentPlatform.Project.Infrastructure\Net\WebApiHelper.cs:行号 349
   在 EnrolmentPlatform.Project.Infrastructure.WebApiHelper.Post[T](String url, String data, Int32 staffId) 位置 E:\Project\Source\EnrolmentPlatform\API\EnrolmentPlatform.Project.Infrastructure\Net\WebApiHelper.cs:行号 81
   在 EnrolmentPlatform.Project.Client.Admin.Controllers.LoginController.LoginOp(String account, String pwd) 位置 E:\Project\Source\EnrolmentPlatform\Web\EnrolmentPlatform.Project.Client.Admin\Controllers\LoginController.cs:行号 47
   在 lambda_method(Closure , ControllerBase , Object[] )
   在 System.Web.Mvc.ControllerActionInvoker.InvokeActionMethod(ControllerContext controllerContext, ActionDescriptor actionDescriptor, IDictionary`2 parameters)
   在 System.Web.Mvc.Async.AsyncControllerActionInvoker.<>c.<BeginInvokeSynchronousActionMethod>b__9_0(IAsyncResult asyncResult, ActionInvocation innerInvokeState)
   在 System.Web.Mvc.Async.AsyncResultWrapper.WrappedAsyncResult`2.CallEndDelegate(IAsyncResult asyncResult)
   在 System.Web.Mvc.Async.AsyncControllerActionInvoker.EndInvokeActionMethod(IAsyncResult asyncResult)
   在 System.Web.Mvc.Async.AsyncControllerActionInvoker.AsyncInvocationWithFilters.<InvokeActionMethodFilterAsynchronouslyRecursive>b__11_0()
   在 System.Web.Mvc.Async.AsyncControllerActionInvoker.AsyncInvocationWithFilters.<>c__DisplayClass11_1.<InvokeActionMethodFilterAsynchronouslyRecursive>b__2()
   在 System.Web.Mvc.Async.AsyncControllerActionInvoker.EndInvokeActionMethodWithFilters(IAsyncResult asyncResult)
   在 System.Web.Mvc.Async.AsyncControllerActionInvoker.<>c__DisplayClass3_6.<BeginInvokeAction>b__3()
   在 System.Web.Mvc.Async.AsyncControllerActionInvoker.<>c__DisplayClass3_1.<BeginInvokeAction>b__5(IAsyncResult asyncResult)
2018-11-03 22:59:35,727  EnrolmentPlatform.Project.Client.Admin.Filter.AjaxExceptionFilter : System.Net.WebException: 无法连接到远程服务器 ---> System.Net.Sockets.SocketException: 由于目标计算机积极拒绝，无法连接。 127.0.0.1:9008
   在 System.Net.Sockets.Socket.DoConnect(EndPoint endPointSnapshot, SocketAddress socketAddress)
   在 System.Net.ServicePoint.ConnectSocketInternal(Boolean connectFailure, Socket s4, Socket s6, Socket& socket, IPAddress& address, ConnectSocketState state, IAsyncResult asyncResult, Exception& exception)
   --- 内部异常堆栈跟踪的结尾 ---
   在 System.Net.HttpWebRequest.GetResponse()
   在 EnrolmentPlatform.Project.Infrastructure.WebApiHelper.Get[T](String url, String query, String queryStr, Int32 staffId, Boolean sign) 位置 E:\Project\Source\EnrolmentPlatform\API\EnrolmentPlatform.Project.Infrastructure\Net\WebApiHelper.cs:行号 154
   在 EnrolmentPlatform.Project.Infrastructure.WebApiHelper.GetApiToken(Int32 staffId) 位置 E:\Project\Source\EnrolmentPlatform\API\EnrolmentPlatform.Project.Infrastructure\Net\WebApiHelper.cs:行号 235
   在 EnrolmentPlatform.Project.Infrastructure.WebApiHelper.GetSignToken(Int32 staffId) 位置 E:\Project\Source\EnrolmentPlatform\API\EnrolmentPlatform.Project.Infrastructure\Net\WebApiHelper.cs:行号 218
   在 EnrolmentPlatform.Project.Infrastructure.WebApiHelper.GetSignature(String timeStamp, String nonce, Int32 staffId) 位置 E:\Project\Source\EnrolmentPlatform\API\EnrolmentPlatform.Project.Infrastructure\Net\WebApiHelper.cs:行号 349
   在 EnrolmentPlatform.Project.Infrastructure.WebApiHelper.Post[T](String url, String data, Int32 staffId) 位置 E:\Project\Source\EnrolmentPlatform\API\EnrolmentPlatform.Project.Infrastructure\Net\WebApiHelper.cs:行号 81
   在 EnrolmentPlatform.Project.Client.Admin.Controllers.LoginController.LoginOp(String account, String pwd) 位置 E:\Project\Source\EnrolmentPlatform\Web\EnrolmentPlatform.Project.Client.Admin\Controllers\LoginController.cs:行号 47
   在 lambda_method(Closure , ControllerBase , Object[] )
   在 System.Web.Mvc.ControllerActionInvoker.InvokeActionMethod(ControllerContext controllerContext, ActionDescriptor actionDescriptor, IDictionary`2 parameters)
   在 System.Web.Mvc.Async.AsyncControllerActionInvoker.<>c.<BeginInvokeSynchronousActionMethod>b__9_0(IAsyncResult asyncResult, ActionInvocation innerInvokeState)
   在 System.Web.Mvc.Async.AsyncResultWrapper.WrappedAsyncResult`2.CallEndDelegate(IAsyncResult asyncResult)
   在 System.Web.Mvc.Async.AsyncControllerActionInvoker.EndInvokeActionMethod(IAsyncResult asyncResult)
   在 System.Web.Mvc.Async.AsyncControllerActionInvoker.AsyncInvocationWithFilters.<InvokeActionMethodFilterAsynchronouslyRecursive>b__11_0()
   在 System.Web.Mvc.Async.AsyncControllerActionInvoker.AsyncInvocationWithFilters.<>c__DisplayClass11_1.<InvokeActionMethodFilterAsynchronouslyRecursive>b__2()
   在 System.Web.Mvc.Async.AsyncControllerActionInvoker.EndInvokeActionMethodWithFilters(IAsyncResult asyncResult)
   在 System.Web.Mvc.Async.AsyncControllerActionInvoker.<>c__DisplayClass3_6.<BeginInvokeAction>b__3()
   在 System.Web.Mvc.Async.AsyncControllerActionInvoker.<>c__DisplayClass3_1.<BeginInvokeAction>b__5(IAsyncResult asyncResult)
2018-11-03 23:01:40,766  EnrolmentPlatform.Project.Client.Admin.Filter.AjaxExceptionFilter : System.NullReferenceException: 未将对象引用设置到对象的实例。
   在 EnrolmentPlatform.Project.Infrastructure.WebApiHelper.GetSignToken(Int32 staffId) 位置 E:\Project\Source\EnrolmentPlatform\API\EnrolmentPlatform.Project.Infrastructure\Net\WebApiHelper.cs:行号 219
   在 EnrolmentPlatform.Project.Infrastructure.WebApiHelper.GetSignature(String timeStamp, String nonce, Int32 staffId) 位置 E:\Project\Source\EnrolmentPlatform\API\EnrolmentPlatform.Project.Infrastructure\Net\WebApiHelper.cs:行号 349
   在 EnrolmentPlatform.Project.Infrastructure.WebApiHelper.Post[T](String url, String data, Int32 staffId) 位置 E:\Project\Source\EnrolmentPlatform\API\EnrolmentPlatform.Project.Infrastructure\Net\WebApiHelper.cs:行号 81
   在 EnrolmentPlatform.Project.Client.Admin.Controllers.LoginController.LoginOp(String account, String pwd) 位置 E:\Project\Source\EnrolmentPlatform\Web\EnrolmentPlatform.Project.Client.Admin\Controllers\LoginController.cs:行号 47
   在 lambda_method(Closure , ControllerBase , Object[] )
   在 System.Web.Mvc.ControllerActionInvoker.InvokeActionMethod(ControllerContext controllerContext, ActionDescriptor actionDescriptor, IDictionary`2 parameters)
   在 System.Web.Mvc.Async.AsyncControllerActionInvoker.<>c.<BeginInvokeSynchronousActionMethod>b__9_0(IAsyncResult asyncResult, ActionInvocation innerInvokeState)
   在 System.Web.Mvc.Async.AsyncResultWrapper.WrappedAsyncResult`2.CallEndDelegate(IAsyncResult asyncResult)
   在 System.Web.Mvc.Async.AsyncControllerActionInvoker.EndInvokeActionMethod(IAsyncResult asyncResult)
   在 System.Web.Mvc.Async.AsyncControllerActionInvoker.AsyncInvocationWithFilters.<InvokeActionMethodFilterAsynchronouslyRecursive>b__11_0()
   在 System.Web.Mvc.Async.AsyncControllerActionInvoker.AsyncInvocationWithFilters.<>c__DisplayClass11_1.<InvokeActionMethodFilterAsynchronouslyRecursive>b__2()
   在 System.Web.Mvc.Async.AsyncControllerActionInvoker.EndInvokeActionMethodWithFilters(IAsyncResult asyncResult)
   在 System.Web.Mvc.Async.AsyncControllerActionInvoker.<>c__DisplayClass3_6.<BeginInvokeAction>b__3()
   在 System.Web.Mvc.Async.AsyncControllerActionInvoker.<>c__DisplayClass3_1.<BeginInvokeAction>b__5(IAsyncResult asyncResult)
2018-11-03 23:03:46,125  EnrolmentPlatform.Project.Client.Admin.Filter.AjaxExceptionFilter : System.NullReferenceException: 未将对象引用设置到对象的实例。
   在 EnrolmentPlatform.Project.Infrastructure.WebApiHelper.GetSignToken(Int32 staffId) 位置 E:\Project\Source\EnrolmentPlatform\API\EnrolmentPlatform.Project.Infrastructure\Net\WebApiHelper.cs:行号 219
   在 EnrolmentPlatform.Project.Infrastructure.WebApiHelper.GetSignature(String timeStamp, String nonce, Int32 staffId) 位置 E:\Project\Source\EnrolmentPlatform\API\EnrolmentPlatform.Project.Infrastructure\Net\WebApiHelper.cs:行号 349
   在 EnrolmentPlatform.Project.Infrastructure.WebApiHelper.Post[T](String url, String data, Int32 staffId) 位置 E:\Project\Source\EnrolmentPlatform\API\EnrolmentPlatform.Project.Infrastructure\Net\WebApiHelper.cs:行号 81
   在 EnrolmentPlatform.Project.Client.Admin.Controllers.LoginController.LoginOp(String account, String pwd) 位置 E:\Project\Source\EnrolmentPlatform\Web\EnrolmentPlatform.Project.Client.Admin\Controllers\LoginController.cs:行号 47
   在 lambda_method(Closure , ControllerBase , Object[] )
   在 System.Web.Mvc.ControllerActionInvoker.InvokeActionMethod(ControllerContext controllerContext, ActionDescriptor actionDescriptor, IDictionary`2 parameters)
   在 System.Web.Mvc.Async.AsyncControllerActionInvoker.<>c.<BeginInvokeSynchronousActionMethod>b__9_0(IAsyncResult asyncResult, ActionInvocation innerInvokeState)
   在 System.Web.Mvc.Async.AsyncResultWrapper.WrappedAsyncResult`2.CallEndDelegate(IAsyncResult asyncResult)
   在 System.Web.Mvc.Async.AsyncControllerActionInvoker.EndInvokeActionMethod(IAsyncResult asyncResult)
   在 System.Web.Mvc.Async.AsyncControllerActionInvoker.AsyncInvocationWithFilters.<InvokeActionMethodFilterAsynchronouslyRecursive>b__11_0()
   在 System.Web.Mvc.Async.AsyncControllerActionInvoker.AsyncInvocationWithFilters.<>c__DisplayClass11_1.<InvokeActionMethodFilterAsynchronouslyRecursive>b__2()
   在 System.Web.Mvc.Async.AsyncControllerActionInvoker.EndInvokeActionMethodWithFilters(IAsyncResult asyncResult)
   在 System.Web.Mvc.Async.AsyncControllerActionInvoker.<>c__DisplayClass3_6.<BeginInvokeAction>b__3()
   在 System.Web.Mvc.Async.AsyncControllerActionInvoker.<>c__DisplayClass3_1.<BeginInvokeAction>b__5(IAsyncResult asyncResult)
2018-11-03 23:07:08,784  EnrolmentPlatform.Project.Client.Admin.Filter.AjaxExceptionFilter : System.Net.WebException: 远程服务器返回错误: (500) 内部服务器错误。
   在 System.Net.HttpWebRequest.GetResponse()
   在 EnrolmentPlatform.Project.Infrastructure.WebApiHelper.Get[T](String url, String query, String queryStr, Int32 staffId, Boolean sign) 位置 E:\Project\Source\EnrolmentPlatform\API\EnrolmentPlatform.Project.Infrastructure\Net\WebApiHelper.cs:行号 154
   在 EnrolmentPlatform.Project.Infrastructure.WebApiHelper.GetApiToken(Int32 staffId) 位置 E:\Project\Source\EnrolmentPlatform\API\EnrolmentPlatform.Project.Infrastructure\Net\WebApiHelper.cs:行号 235
   在 EnrolmentPlatform.Project.Infrastructure.WebApiHelper.GetSignToken(Int32 staffId) 位置 E:\Project\Source\EnrolmentPlatform\API\EnrolmentPlatform.Project.Infrastructure\Net\WebApiHelper.cs:行号 218
   在 EnrolmentPlatform.Project.Infrastructure.WebApiHelper.GetSignature(String timeStamp, String nonce, Int32 staffId) 位置 E:\Project\Source\EnrolmentPlatform\API\EnrolmentPlatform.Project.Infrastructure\Net\WebApiHelper.cs:行号 349
   在 EnrolmentPlatform.Project.Infrastructure.WebApiHelper.Post[T](String url, String data, Int32 staffId) 位置 E:\Project\Source\EnrolmentPlatform\API\EnrolmentPlatform.Project.Infrastructure\Net\WebApiHelper.cs:行号 81
   在 EnrolmentPlatform.Project.Client.Admin.Controllers.LoginController.LoginOp(String account, String pwd) 位置 E:\Project\Source\EnrolmentPlatform\Web\EnrolmentPlatform.Project.Client.Admin\Controllers\LoginController.cs:行号 47
   在 lambda_method(Closure , ControllerBase , Object[] )
   在 System.Web.Mvc.ControllerActionInvoker.InvokeActionMethod(ControllerContext controllerContext, ActionDescriptor actionDescriptor, IDictionary`2 parameters)
   在 System.Web.Mvc.Async.AsyncControllerActionInvoker.<>c.<BeginInvokeSynchronousActionMethod>b__9_0(IAsyncResult asyncResult, ActionInvocation innerInvokeState)
   在 System.Web.Mvc.Async.AsyncResultWrapper.WrappedAsyncResult`2.CallEndDelegate(IAsyncResult asyncResult)
   在 System.Web.Mvc.Async.AsyncControllerActionInvoker.EndInvokeActionMethod(IAsyncResult asyncResult)
   在 System.Web.Mvc.Async.AsyncControllerActionInvoker.AsyncInvocationWithFilters.<InvokeActionMethodFilterAsynchronouslyRecursive>b__11_0()
   在 System.Web.Mvc.Async.AsyncControllerActionInvoker.AsyncInvocationWithFilters.<>c__DisplayClass11_1.<InvokeActionMethodFilterAsynchronouslyRecursive>b__2()
   在 System.Web.Mvc.Async.AsyncControllerActionInvoker.EndInvokeActionMethodWithFilters(IAsyncResult asyncResult)
   在 System.Web.Mvc.Async.AsyncControllerActionInvoker.<>c__DisplayClass3_6.<BeginInvokeAction>b__3()
   在 System.Web.Mvc.Async.AsyncControllerActionInvoker.<>c__DisplayClass3_1.<BeginInvokeAction>b__5(IAsyncResult asyncResult)
